[2025-07-22T00:09:50.972Z] [INFO] Загружено 1 репозиториев из хранилища
[2025-07-22T00:09:50.988Z] [INFO] Команда загружена: /add
[2025-07-22T00:09:50.989Z] [INFO] Команда загружена: /branches
[2025-07-22T00:09:50.990Z] [INFO] Команда загружена: /check
[2025-07-22T00:09:50.990Z] [INFO] Команда загружена: /help
[2025-07-22T00:09:50.991Z] [INFO] Команда загружена: /last
[2025-07-22T00:09:50.992Z] [INFO] Команда загружена: /limits
[2025-07-22T00:09:50.993Z] [INFO] Команда загружена: /list
[2025-07-22T00:09:50.995Z] [INFO] Команда загружена: /pr
[2025-07-22T00:09:50.996Z] [INFO] Команда загружена: /prview
[2025-07-22T00:09:50.997Z] [INFO] Команда загружена: /remove
[2025-07-22T00:10:00.038Z] [INFO] 
=== Автопроверка начата ===
[2025-07-22T00:10:00.038Z] [INFO] 🔍 Запуск проверки 1 репозиториев...
[2025-07-22T00:10:00.039Z] [INFO] Проверка combatextended-continued/combatextended (main)...
[2025-07-22T00:10:00.390Z] [ERROR] Failed to get branch last commit: combatextended-continued/combatextended/main: Request failed with status code 404 AxiosError: Request failed with status code 404
    at settle (D:\code\checkerbot\node_modules\axios\dist\node\axios.cjs:2053:12)
    at Unzip.handleStreamEnd (D:\code\checkerbot\node_modules\axios\dist\node\axios.cjs:3170:11)
    at Unzip.emit (node:events:530:35)
    at endReadableNT (node:internal/streams/readable:1698:12)
    at process.processTicksAndRejections (node:internal/process/task_queues:90:21)
    at Axios.request (D:\code\checkerbot\node_modules\axios\dist\node\axios.cjs:4280:41)
    at process.processTicksAndRejections (node:internal/process/task_queues:105:5)
    at async Object.getBranchLastCommit (D:\code\checkerbot\service\github.js:126:26)
    at async Object.checkAllRepos (D:\code\checkerbot\service\checker.js:26:30)
    at async D:\code\checkerbot\bot.js:26:5
    at async Timeout._onTimeout (D:\code\checkerbot\node_modules\node-cron\dist\cjs\scheduler\runner.js:70:44)
[2025-07-22T00:10:00.391Z] [ERROR] undefined undefined
[2025-07-22T00:10:00.391Z] [INFO] Проверка завершена. Обновлений: 0/0
[2025-07-22T00:10:00.391Z] [INFO] === Автопроверка завершена ===

[2025-07-22T00:10:23.072Z] [INFO] 
🤖 Бот запущен!
[2025-07-22T00:10:23.073Z] [INFO] ⏱ Автопроверка каждые 5 минут
[2025-07-22T00:15:00.031Z] [INFO] 
=== Автопроверка начата ===
[2025-07-22T00:15:00.031Z] [INFO] 🔍 Запуск проверки 1 репозиториев...
[2025-07-22T00:15:00.032Z] [INFO] Проверка combatextended-continued/combatextended (main)...
[2025-07-22T00:15:00.364Z] [ERROR] Failed to get branch last commit: combatextended-continued/combatextended/main: Request failed with status code 404 AxiosError: Request failed with status code 404
    at settle (D:\code\checkerbot\node_modules\axios\dist\node\axios.cjs:2053:12)
    at Unzip.handleStreamEnd (D:\code\checkerbot\node_modules\axios\dist\node\axios.cjs:3170:11)
    at Unzip.emit (node:events:530:35)
    at endReadableNT (node:internal/streams/readable:1698:12)
    at process.processTicksAndRejections (node:internal/process/task_queues:90:21)
    at Axios.request (D:\code\checkerbot\node_modules\axios\dist\node\axios.cjs:4280:41)
    at process.processTicksAndRejections (node:internal/process/task_queues:105:5)
    at async Object.getBranchLastCommit (D:\code\checkerbot\service\github.js:126:26)
    at async Object.checkAllRepos (D:\code\checkerbot\service\checker.js:26:30)
    at async D:\code\checkerbot\bot.js:26:5
    at async Timeout._onTimeout (D:\code\checkerbot\node_modules\node-cron\dist\cjs\scheduler\runner.js:70:44)
[2025-07-22T00:15:00.365Z] [ERROR] undefined undefined
[2025-07-22T00:15:00.367Z] [INFO] Проверка завершена. Обновлений: 0/0
[2025-07-22T00:15:00.368Z] [INFO] === Автопроверка завершена ===

[2025-07-22T00:21:06.545Z] [INFO] Загружено 1 репозиториев из хранилища
[2025-07-22T00:21:06.556Z] [INFO] Команда загружена: /add
[2025-07-22T00:21:06.556Z] [INFO] Команда загружена: /branches
[2025-07-22T00:21:06.557Z] [INFO] Команда загружена: /check
[2025-07-22T00:21:06.558Z] [INFO] Команда загружена: /help
[2025-07-22T00:21:06.558Z] [INFO] Команда загружена: /last
[2025-07-22T00:21:06.559Z] [INFO] Команда загружена: /limits
[2025-07-22T00:21:06.560Z] [INFO] Команда загружена: /list
[2025-07-22T00:21:06.563Z] [INFO] Команда загружена: /pr
[2025-07-22T00:21:06.564Z] [INFO] Команда загружена: /prview
[2025-07-22T00:21:06.565Z] [INFO] Команда загружена: /remove
[2025-07-22T00:21:26.593Z] [INFO] 🔍 Запуск проверки 1 репозиториев...
[2025-07-22T00:21:26.594Z] [INFO] Проверка combatextended-continued/combatextended (Development)...
[2025-07-22T00:21:26.979Z] [INFO] ✓ Актуально: combatextended-continued/combatextended [385ms]
[2025-07-22T00:21:26.980Z] [INFO] Проверка завершена. Обновлений: 0/1
[2025-07-22T00:21:49.214Z] [SUCCESS] Добавлен репозиторий: mollyhollyray/checkerbot
[2025-07-22T00:23:14.689Z] [INFO] 
🤖 Бот запущен!
[2025-07-22T00:23:14.691Z] [INFO] ⏱ Автопроверка каждые 5 минут
[2025-07-22T00:23:49.223Z] [INFO] Загружено 0 репозиториев из хранилища
[2025-07-22T00:23:49.234Z] [INFO] Команда загружена: /add
[2025-07-22T00:23:49.235Z] [INFO] Команда загружена: /branches
[2025-07-22T00:23:49.235Z] [INFO] Команда загружена: /check
[2025-07-22T00:23:49.236Z] [INFO] Команда загружена: /help
[2025-07-22T00:23:49.237Z] [INFO] Команда загружена: /last
[2025-07-22T00:23:49.237Z] [INFO] Команда загружена: /limits
[2025-07-22T00:23:49.239Z] [INFO] Команда загружена: /list
[2025-07-22T00:23:49.242Z] [INFO] Команда загружена: /pr
[2025-07-22T00:23:49.243Z] [INFO] Команда загружена: /prview
[2025-07-22T00:23:49.243Z] [INFO] Команда загружена: /remove
[2025-07-22T00:23:59.843Z] [SUCCESS] Добавлен репозиторий: mollyhollyray/checkerbot
[2025-07-22T00:24:01.939Z] [INFO] 🔍 Запуск проверки 1 репозиториев...
[2025-07-22T00:24:01.939Z] [INFO] Проверка mollyhollyray/checkerbot (main)...
[2025-07-22T00:24:02.160Z] [INFO] ✓ Актуально: mollyhollyray/checkerbot [219ms]
[2025-07-22T00:24:02.161Z] [INFO] Проверка завершена. Обновлений: 0/1
[2025-07-22T00:24:57.415Z] [SUCCESS] Добавлен репозиторий: combatextended-continued/combatextended
[2025-07-22T00:25:00.037Z] [INFO] 
=== Автопроверка начата ===
[2025-07-22T00:25:00.038Z] [INFO] 🔍 Запуск проверки 2 репозиториев...
[2025-07-22T00:25:00.039Z] [INFO] Проверка mollyhollyray/checkerbot (main)...
[2025-07-22T00:25:00.267Z] [INFO] 🆕 Обновление: mollyhollyray/checkerbot ee9350b→e77f825 [228ms]
[2025-07-22T00:25:00.268Z] [INFO] Проверка combatextended-continued/combatextended (Development)...
[2025-07-22T00:25:00.536Z] [INFO] ✓ Актуально: combatextended-continued/combatextended [268ms]
[2025-07-22T00:25:00.537Z] [INFO] Проверка завершена. Обновлений: 1/2
[2025-07-22T00:25:00.538Z] [ERROR] Failed to send message: ctx.reply is not a function TypeError: ctx.reply is not a function
    at sendMessage (D:\code\checkerbot\utils\message.js:47:15)
    at sendMessage (D:\code\checkerbot\utils\message.js:54:14)
    at sendMessage (D:\code\checkerbot\utils\message.js:54:14)
    at Object.notifyUpdates (D:\code\checkerbot\service\checker.js:70:15)
    at Object.checkAllRepos (D:\code\checkerbot\service\checker.js:62:40)
    at process.processTicksAndRejections (node:internal/process/task_queues:105:5)
    at async D:\code\checkerbot\bot.js:26:5
    at async Timeout._onTimeout (D:\code\checkerbot\node_modules\node-cron\dist\cjs\scheduler\runner.js:70:44)
[2025-07-22T00:25:00.539Z] [ERROR] Fallback message failed: ctx.reply is not a function TypeError: ctx.reply is not a function
    at sendMessage (D:\code\checkerbot\utils\message.js:61:17)
    at sendMessage (D:\code\checkerbot\utils\message.js:54:14)
    at sendMessage (D:\code\checkerbot\utils\message.js:54:14)
    at Object.notifyUpdates (D:\code\checkerbot\service\checker.js:70:15)
    at Object.checkAllRepos (D:\code\checkerbot\service\checker.js:62:40)
    at process.processTicksAndRejections (node:internal/process/task_queues:105:5)
    at async D:\code\checkerbot\bot.js:26:5
    at async Timeout._onTimeout (D:\code\checkerbot\node_modules\node-cron\dist\cjs\scheduler\runner.js:70:44)
[2025-07-22T00:25:00.539Z] [INFO] Уведомление отправлено: mollyhollyray/checkerbot
[2025-07-22T00:25:00.539Z] [INFO] === Автопроверка завершена ===

[2025-07-22T00:26:02.780Z] [INFO] 
🤖 Бот запущен!
[2025-07-22T00:26:02.780Z] [INFO] ⏱ Автопроверка каждые 5 минут
[2025-07-22T00:26:04.814Z] [INFO] Загружено 1 репозиториев из хранилища
[2025-07-22T00:26:04.823Z] [INFO] Команда загружена: /add
[2025-07-22T00:26:04.824Z] [INFO] Команда загружена: /branches
[2025-07-22T00:26:04.825Z] [INFO] Команда загружена: /check
[2025-07-22T00:26:04.825Z] [INFO] Команда загружена: /help
[2025-07-22T00:26:04.826Z] [INFO] Команда загружена: /last
[2025-07-22T00:26:04.827Z] [INFO] Команда загружена: /limits
[2025-07-22T00:26:04.828Z] [INFO] Команда загружена: /list
[2025-07-22T00:26:04.830Z] [INFO] Команда загружена: /pr
[2025-07-22T00:26:04.831Z] [INFO] Команда загружена: /prview
[2025-07-22T00:26:04.832Z] [INFO] Команда загружена: /remove
[2025-07-22T00:26:29.635Z] [SUCCESS] Добавлен репозиторий: combatextended-continued/combatextended
[2025-07-22T00:30:00.027Z] [INFO] 
=== Автопроверка начата ===
[2025-07-22T00:30:00.027Z] [INFO] 🔍 Запуск проверки 2 репозиториев...
[2025-07-22T00:30:00.028Z] [INFO] Проверка mollyhollyray/checkerbot (main)...
[2025-07-22T00:30:00.371Z] [INFO] 🆕 Обновление: mollyhollyray/checkerbot ee9350b→63d52ed [342ms]
[2025-07-22T00:30:00.371Z] [INFO] Проверка combatextended-continued/combatextended (Development)...
[2025-07-22T00:30:00.618Z] [INFO] ✓ Актуально: combatextended-continued/combatextended [245ms]
[2025-07-22T00:30:00.618Z] [INFO] Проверка завершена. Обновлений: 1/2
[2025-07-22T00:30:00.619Z] [ERROR] Failed to send message: ctx.reply is not a function TypeError: ctx.reply is not a function
    at sendMessage (D:\code\checkerbot\utils\message.js:47:15)
    at sendMessage (D:\code\checkerbot\utils\message.js:54:14)
    at sendMessage (D:\code\checkerbot\utils\message.js:54:14)
    at Object.notifyUpdates (D:\code\checkerbot\service\checker.js:70:15)
    at Object.checkAllRepos (D:\code\checkerbot\service\checker.js:62:40)
    at process.processTicksAndRejections (node:internal/process/task_queues:105:5)
    at async D:\code\checkerbot\bot.js:26:5
    at async Timeout._onTimeout (D:\code\checkerbot\node_modules\node-cron\dist\cjs\scheduler\runner.js:70:44)
[2025-07-22T00:30:00.620Z] [ERROR] Fallback message failed: ctx.reply is not a function TypeError: ctx.reply is not a function
    at sendMessage (D:\code\checkerbot\utils\message.js:61:17)
    at sendMessage (D:\code\checkerbot\utils\message.js:54:14)
    at sendMessage (D:\code\checkerbot\utils\message.js:54:14)
    at Object.notifyUpdates (D:\code\checkerbot\service\checker.js:70:15)
    at Object.checkAllRepos (D:\code\checkerbot\service\checker.js:62:40)
    at process.processTicksAndRejections (node:internal/process/task_queues:105:5)
    at async D:\code\checkerbot\bot.js:26:5
    at async Timeout._onTimeout (D:\code\checkerbot\node_modules\node-cron\dist\cjs\scheduler\runner.js:70:44)
[2025-07-22T00:30:00.620Z] [INFO] Уведомление отправлено: mollyhollyray/checkerbot
[2025-07-22T00:30:00.620Z] [INFO] === Автопроверка завершена ===

[2025-07-22T00:32:58.760Z] [INFO] 
🤖 Бот запущен!
[2025-07-22T00:32:58.762Z] [INFO] ⏱ Автопроверка каждые 5 минут
[2025-07-22T00:33:36.261Z] [INFO] Загружено 2 репозиториев из хранилища
[2025-07-22T00:33:36.276Z] [INFO] Команда загружена: /add
[2025-07-22T00:33:36.276Z] [INFO] Команда загружена: /branches
[2025-07-22T00:33:36.277Z] [INFO] Команда загружена: /check
[2025-07-22T00:33:36.278Z] [INFO] Команда загружена: /help
[2025-07-22T00:33:36.279Z] [INFO] Команда загружена: /last
[2025-07-22T00:33:36.280Z] [INFO] Команда загружена: /limits
[2025-07-22T00:33:36.281Z] [INFO] Команда загружена: /list
[2025-07-22T00:33:36.285Z] [INFO] Команда загружена: /pr
[2025-07-22T00:33:36.286Z] [INFO] Команда загружена: /prview
[2025-07-22T00:33:36.286Z] [INFO] Команда загружена: /remove
[2025-07-22T00:34:20.501Z] [INFO] Загружено 2 репозиториев из хранилища
[2025-07-22T00:34:20.511Z] [INFO] Команда загружена: /add
[2025-07-22T00:34:20.512Z] [INFO] Команда загружена: /branches
[2025-07-22T00:34:20.512Z] [INFO] Команда загружена: /check
[2025-07-22T00:34:20.513Z] [INFO] Команда загружена: /help
[2025-07-22T00:34:20.514Z] [INFO] Команда загружена: /last
[2025-07-22T00:34:20.514Z] [INFO] Команда загружена: /limits
[2025-07-22T00:34:20.515Z] [INFO] Команда загружена: /list
[2025-07-22T00:34:20.517Z] [INFO] Команда загружена: /pr
[2025-07-22T00:34:20.518Z] [INFO] Команда загружена: /prview
[2025-07-22T00:34:20.519Z] [INFO] Команда загружена: /remove
[2025-07-22T00:35:00.046Z] [INFO] 
=== Автопроверка начата ===
[2025-07-22T00:35:00.048Z] [INFO] 🔍 Запуск проверки 2 репозиториев...
[2025-07-22T00:35:00.048Z] [INFO] Проверка mollyhollyray/checkerbot (main)...
[2025-07-22T00:35:00.404Z] [INFO] 🆕 Обновление: mollyhollyray/checkerbot ee9350b→ada9c8d [355ms]
[2025-07-22T00:35:00.405Z] [INFO] Проверка combatextended-continued/combatextended (Development)...
[2025-07-22T00:35:00.647Z] [INFO] ✓ Актуально: combatextended-continued/combatextended [242ms]
[2025-07-22T00:35:00.648Z] [INFO] Проверка завершена. Обновлений: 1/2
[2025-07-22T00:35:00.918Z] [INFO] Уведомление отправлено: mollyhollyray/checkerbot
[2025-07-22T00:35:00.918Z] [INFO] === Автопроверка завершена ===

[2025-07-22T00:36:47.306Z] [INFO] 
🤖 Бот запущен!
[2025-07-22T00:36:47.308Z] [INFO] ⏱ Автопроверка каждые 5 минут
[2025-07-22T00:38:31.920Z] [INFO] Загружено 2 репозиториев из хранилища
[2025-07-22T00:39:13.096Z] [INFO] Загружено 2 репозиториев из хранилища
[2025-07-22T00:39:13.600Z] [INFO] Команда загружена: /add
[2025-07-22T00:39:13.601Z] [INFO] Команда загружена: /branches
[2025-07-22T00:39:13.602Z] [INFO] Команда загружена: /check
[2025-07-22T00:39:13.602Z] [INFO] Команда загружена: /help
[2025-07-22T00:39:13.603Z] [INFO] Команда загружена: /last
[2025-07-22T00:39:13.603Z] [INFO] Команда загружена: /limits
[2025-07-22T00:39:13.604Z] [INFO] Команда загружена: /list
[2025-07-22T00:39:13.607Z] [INFO] Команда загружена: /pr
[2025-07-22T00:39:13.608Z] [INFO] Команда загружена: /prview
[2025-07-22T00:39:13.608Z] [INFO] Команда загружена: /remove
[2025-07-22T00:40:00.023Z] [INFO] 
=== Автопроверка начата ===
[2025-07-22T00:40:00.024Z] [INFO] 🔍 Проверка 2 репозиториев...
[2025-07-22T00:40:00.025Z] [INFO] Проверка mollyhollyray/checkerbot (main)...
[2025-07-22T00:40:00.401Z] [INFO] 🆕 Обновление: mollyhollyray/checkerbot ee9350b→64fc401 [375ms]
[2025-07-22T00:40:00.401Z] [INFO] Проверка combatextended-continued/combatextended (Development)...
[2025-07-22T00:40:00.665Z] [INFO] ✓ Актуально: combatextended-continued/combatextended [263ms]
[2025-07-22T00:40:00.665Z] [INFO] Проверка завершена. Обновлений: 1/2
[2025-07-22T00:40:00.928Z] [INFO] Уведомление отправлено: mollyhollyray/checkerbot
[2025-07-22T00:40:00.929Z] [INFO] === Автопроверка завершена ===

[2025-07-22T00:41:29.458Z] [INFO] 
🤖 Бот запущен!
[2025-07-22T00:41:29.460Z] [INFO] ⏱ Автопроверка каждые 1 минут
[2025-07-22T00:41:31.385Z] [INFO] Загружено 2 репозиториев из хранилища
[2025-07-22T00:41:31.395Z] [INFO] Команда загружена: /add
[2025-07-22T00:41:31.396Z] [INFO] Команда загружена: /branches
[2025-07-22T00:41:31.396Z] [INFO] Команда загружена: /check
[2025-07-22T00:41:31.397Z] [INFO] Команда загружена: /help
[2025-07-22T00:41:31.398Z] [INFO] Команда загружена: /last
[2025-07-22T00:41:31.398Z] [INFO] Команда загружена: /limits
[2025-07-22T00:41:31.399Z] [INFO] Команда загружена: /list
[2025-07-22T00:41:31.402Z] [INFO] Команда загружена: /pr
[2025-07-22T00:41:31.403Z] [INFO] Команда загружена: /prview
[2025-07-22T00:41:31.403Z] [INFO] Команда загружена: /remove
[2025-07-22T00:42:00.019Z] [INFO] 
=== Автопроверка начата ===
[2025-07-22T00:42:00.021Z] [INFO] 🔍 Проверка 2 репозиториев...
[2025-07-22T00:42:00.023Z] [INFO] Проверка mollyhollyray/checkerbot (main)...
[2025-07-22T00:42:00.382Z] [INFO] 🆕 Обновление: mollyhollyray/checkerbot ee9350b→65a4c46 [359ms]
[2025-07-22T00:42:00.383Z] [INFO] Проверка combatextended-continued/combatextended (Development)...
[2025-07-22T00:42:00.655Z] [INFO] ✓ Актуально: combatextended-continued/combatextended [271ms]
[2025-07-22T00:42:00.655Z] [INFO] Проверка завершена. Обновлений: 1/2
[2025-07-22T00:42:00.979Z] [INFO] Уведомление отправлено: mollyhollyray/checkerbot
[2025-07-22T00:42:00.980Z] [INFO] === Автопроверка завершена ===

[2025-07-22T00:43:00.047Z] [INFO] 
=== Автопроверка начата ===
[2025-07-22T00:43:00.048Z] [INFO] 🔍 Проверка 2 репозиториев...
[2025-07-22T00:43:00.049Z] [INFO] Проверка mollyhollyray/checkerbot (main)...
[2025-07-22T00:43:00.385Z] [INFO] 🆕 Обновление: mollyhollyray/checkerbot ee9350b→65a4c46 [334ms]
[2025-07-22T00:43:00.386Z] [INFO] Проверка combatextended-continued/combatextended (Development)...
[2025-07-22T00:43:00.665Z] [INFO] ✓ Актуально: combatextended-continued/combatextended [279ms]
[2025-07-22T00:43:00.666Z] [INFO] Проверка завершена. Обновлений: 1/2
[2025-07-22T00:43:00.777Z] [INFO] Уведомление отправлено: mollyhollyray/checkerbot
[2025-07-22T00:43:00.778Z] [INFO] === Автопроверка завершена ===

[2025-07-22T00:44:00.027Z] [INFO] 
=== Автопроверка начата ===
[2025-07-22T00:44:00.027Z] [INFO] 🔍 Проверка 2 репозиториев...
[2025-07-22T00:44:00.028Z] [INFO] Проверка mollyhollyray/checkerbot (main)...
[2025-07-22T00:44:00.354Z] [INFO] 🆕 Обновление: mollyhollyray/checkerbot ee9350b→65a4c46 [326ms]
[2025-07-22T00:44:00.355Z] [INFO] Проверка combatextended-continued/combatextended (Development)...
[2025-07-22T00:44:00.615Z] [INFO] ✓ Актуально: combatextended-continued/combatextended [260ms]
[2025-07-22T00:44:00.616Z] [INFO] Проверка завершена. Обновлений: 1/2
[2025-07-22T00:44:00.734Z] [INFO] Уведомление отправлено: mollyhollyray/checkerbot
[2025-07-22T00:44:00.735Z] [INFO] === Автопроверка завершена ===

[2025-07-22T00:45:00.023Z] [INFO] 
=== Автопроверка начата ===
[2025-07-22T00:45:00.025Z] [INFO] 🔍 Проверка 2 репозиториев...
[2025-07-22T00:45:00.026Z] [INFO] Проверка mollyhollyray/checkerbot (main)...
[2025-07-22T00:45:00.352Z] [INFO] 🆕 Обновление: mollyhollyray/checkerbot ee9350b→65a4c46 [326ms]
[2025-07-22T00:45:00.354Z] [INFO] Проверка combatextended-continued/combatextended (Development)...
[2025-07-22T00:45:00.612Z] [INFO] ✓ Актуально: combatextended-continued/combatextended [257ms]
[2025-07-22T00:45:00.613Z] [INFO] Проверка завершена. Обновлений: 1/2
[2025-07-22T00:45:00.726Z] [INFO] Уведомление отправлено: mollyhollyray/checkerbot
[2025-07-22T00:45:00.727Z] [INFO] === Автопроверка завершена ===

[2025-07-22T00:46:00.038Z] [INFO] 
=== Автопроверка начата ===
[2025-07-22T00:46:00.039Z] [INFO] 🔍 Проверка 2 репозиториев...
[2025-07-22T00:46:00.040Z] [INFO] Проверка mollyhollyray/checkerbot (main)...
[2025-07-22T00:46:00.382Z] [INFO] 🆕 Обновление: mollyhollyray/checkerbot ee9350b→65a4c46 [342ms]
[2025-07-22T00:46:00.383Z] [INFO] Проверка combatextended-continued/combatextended (Development)...
[2025-07-22T00:46:00.647Z] [INFO] ✓ Актуально: combatextended-continued/combatextended [264ms]
[2025-07-22T00:46:00.648Z] [INFO] Проверка завершена. Обновлений: 1/2
[2025-07-22T00:46:00.761Z] [INFO] Уведомление отправлено: mollyhollyray/checkerbot
[2025-07-22T00:46:00.762Z] [INFO] === Автопроверка завершена ===

[2025-07-22T00:47:00.027Z] [INFO] 
=== Автопроверка начата ===
[2025-07-22T00:47:00.028Z] [INFO] 🔍 Проверка 2 репозиториев...
[2025-07-22T00:47:00.029Z] [INFO] Проверка mollyhollyray/checkerbot (main)...
[2025-07-22T00:47:00.347Z] [INFO] 🆕 Обновление: mollyhollyray/checkerbot ee9350b→65a4c46 [317ms]
[2025-07-22T00:47:00.348Z] [INFO] Проверка combatextended-continued/combatextended (Development)...
[2025-07-22T00:47:00.586Z] [INFO] ✓ Актуально: combatextended-continued/combatextended [237ms]
[2025-07-22T00:47:00.587Z] [INFO] Проверка завершена. Обновлений: 1/2
[2025-07-22T00:47:00.843Z] [INFO] Уведомление отправлено: mollyhollyray/checkerbot
[2025-07-22T00:47:00.843Z] [INFO] === Автопроверка завершена ===

[2025-07-22T00:48:16.068Z] [INFO] Загружено 0 репозиториев из хранилища
[2025-07-22T00:48:16.079Z] [INFO] Команда загружена: /add
[2025-07-22T00:48:16.080Z] [INFO] Команда загружена: /branches
[2025-07-22T00:48:16.081Z] [INFO] Команда загружена: /check
[2025-07-22T00:48:16.081Z] [INFO] Команда загружена: /help
[2025-07-22T00:48:16.082Z] [INFO] Команда загружена: /last
[2025-07-22T00:48:16.083Z] [INFO] Команда загружена: /limits
[2025-07-22T00:48:16.083Z] [INFO] Команда загружена: /list
[2025-07-22T00:48:16.086Z] [INFO] Команда загружена: /pr
[2025-07-22T00:48:16.087Z] [INFO] Команда загружена: /prview
[2025-07-22T00:48:16.088Z] [INFO] Команда загружена: /remove
[2025-07-22T00:48:28.842Z] [ERROR] Failed to send message: text.replace is not a function TypeError: text.replace is not a function
    at sendMessage (D:\code\checkerbot\utils\message.js:35:28)
    at sendMessage (D:\code\checkerbot\utils\message.js:52:14)
    at sendMessage (D:\code\checkerbot\utils\message.js:52:14)
    at module.exports (D:\code\checkerbot\commands\add.js:45:15)
    at process.processTicksAndRejections (node:internal/process/task_queues:105:5)
    at async execute (D:\code\checkerbot\node_modules\telegraf\lib\composer.js:518:17)
    at async D:\code\checkerbot\node_modules\telegraf\lib\composer.js:519:21
    at async execute (D:\code\checkerbot\node_modules\telegraf\lib\composer.js:518:17)
    at async execute (D:\code\checkerbot\node_modules\telegraf\lib\composer.js:518:17)
    at async execute (D:\code\checkerbot\node_modules\telegraf\lib\composer.js:518:17)
[2025-07-22T00:48:28.935Z] [ERROR] Fallback message failed: 400: Bad Request: chat not found Error: 400: Bad Request: chat not found
    at Telegram.callApi (D:\code\checkerbot\node_modules\telegraf\lib\core\network\client.js:315:19)
    at process.processTicksAndRejections (node:internal/process/task_queues:105:5)
    at async sendMessage (D:\code\checkerbot\utils\message.js:58:7)
    at async module.exports (D:\code\checkerbot\commands\add.js:45:9)
    at async execute (D:\code\checkerbot\node_modules\telegraf\lib\composer.js:518:17)
    at async D:\code\checkerbot\node_modules\telegraf\lib\composer.js:519:21
    at async execute (D:\code\checkerbot\node_modules\telegraf\lib\composer.js:518:17)
    at async execute (D:\code\checkerbot\node_modules\telegraf\lib\composer.js:518:17)
    at async execute (D:\code\checkerbot\node_modules\telegraf\lib\composer.js:518:17)
    at async execute (D:\code\checkerbot\node_modules\telegraf\lib\composer.js:518:17)
[2025-07-22T00:48:28.935Z] [SUCCESS] Добавлен репозиторий: combatextended-continued/combatextended
[2025-07-22T00:49:00.058Z] [INFO] 
=== Автопроверка начата ===
[2025-07-22T00:49:00.059Z] [INFO] 🔍 Запуск проверки 1 репозиториев...
[2025-07-22T00:49:00.060Z] [INFO] Проверка combatextended-continued/combatextended (Development)...
[2025-07-22T00:49:00.457Z] [INFO] ✓ Актуально: combatextended-continued/combatextended [397ms]
[2025-07-22T00:49:00.458Z] [INFO] Проверка завершена. Обновлений: 0/1
[2025-07-22T00:49:00.458Z] [INFO] === Автопроверка завершена ===

[2025-07-22T00:50:00.032Z] [INFO] 
=== Автопроверка начата ===
[2025-07-22T00:50:00.034Z] [INFO] 🔍 Запуск проверки 1 репозиториев...
[2025-07-22T00:50:00.035Z] [INFO] Проверка combatextended-continued/combatextended (Development)...
[2025-07-22T00:50:00.407Z] [INFO] ✓ Актуально: combatextended-continued/combatextended [372ms]
[2025-07-22T00:50:00.407Z] [INFO] Проверка завершена. Обновлений: 0/1
[2025-07-22T00:50:00.408Z] [INFO] === Автопроверка завершена ===

[2025-07-22T00:50:58.104Z] [INFO] 
🤖 Бот запущен!
[2025-07-22T00:50:58.105Z] [INFO] ⏱ Автопроверка каждые 1 минут
[2025-07-22T00:51:07.664Z] [INFO] Загружено 0 репозиториев из хранилища
[2025-07-22T00:51:07.674Z] [INFO] Команда загружена: /add
[2025-07-22T00:51:07.675Z] [INFO] Команда загружена: /branches
[2025-07-22T00:51:07.676Z] [INFO] Команда загружена: /check
[2025-07-22T00:51:07.676Z] [INFO] Команда загружена: /help
[2025-07-22T00:51:07.677Z] [INFO] Команда загружена: /last
[2025-07-22T00:51:07.678Z] [INFO] Команда загружена: /limits
[2025-07-22T00:51:07.679Z] [INFO] Команда загружена: /list
[2025-07-22T00:51:07.681Z] [INFO] Команда загружена: /pr
[2025-07-22T00:51:07.682Z] [INFO] Команда загружена: /prview
[2025-07-22T00:51:07.683Z] [INFO] Команда загружена: /remove
[2025-07-22T00:51:12.297Z] [ERROR] undefined undefined
[2025-07-22T00:51:12.298Z] [INFO] Добавлен репозиторий: combatextended-continued/combatextended
[2025-07-22T00:51:18.008Z] [ERROR] undefined undefined
[2025-07-22T00:51:22.039Z] [INFO] 
🤖 Бот запущен!
[2025-07-22T00:51:22.040Z] [INFO] ⏱ Автопроверка каждые 1 минут
[2025-07-22T00:52:00.026Z] [INFO] 
=== Автопроверка начата ===
[2025-07-22T00:52:00.027Z] [INFO] 🔍 Запуск проверки 1 репозиториев...
[2025-07-22T00:52:00.028Z] [INFO] Проверка combatextended-continued/combatextended (Development)...
[2025-07-22T00:52:00.387Z] [INFO] ✓ Актуально: combatextended-continued/combatextended [358ms]
[2025-07-22T00:52:00.388Z] [INFO] Проверка завершена. Обновлений: 0/1
[2025-07-22T00:52:00.389Z] [INFO] === Автопроверка завершена ===

[2025-07-22T00:52:27.708Z] [INFO] Загружено 1 репозиториев из хранилища
[2025-07-22T00:52:27.718Z] [INFO] Команда загружена: /add
[2025-07-22T00:52:27.719Z] [INFO] Команда загружена: /branches
[2025-07-22T00:52:27.720Z] [INFO] Команда загружена: /check
[2025-07-22T00:52:27.720Z] [INFO] Команда загружена: /help
[2025-07-22T00:52:27.721Z] [INFO] Команда загружена: /last
[2025-07-22T00:52:27.722Z] [INFO] Команда загружена: /limits
[2025-07-22T00:52:27.722Z] [INFO] Команда загружена: /list
[2025-07-22T00:52:27.725Z] [INFO] Команда загружена: /pr
[2025-07-22T00:52:27.726Z] [INFO] Команда загружена: /prview
[2025-07-22T00:52:27.726Z] [INFO] Команда загружена: /remove
[2025-07-22T00:52:28.483Z] [ERROR] undefined undefined
[2025-07-22T00:52:28.485Z] [ERROR] undefined undefined
[2025-07-22T00:52:28.486Z] [ERROR] Ошибка в команде /add: Request failed with status code 404 AxiosError: Request failed with status code 404
    at settle (D:\code\checkerbot\node_modules\axios\dist\node\axios.cjs:2053:12)
    at Unzip.handleStreamEnd (D:\code\checkerbot\node_modules\axios\dist\node\axios.cjs:3170:11)
    at Unzip.emit (node:events:530:35)
    at endReadableNT (node:internal/streams/readable:1698:12)
    at process.processTicksAndRejections (node:internal/process/task_queues:90:21)
    at Axios.request (D:\code\checkerbot\node_modules\axios\dist\node\axios.cjs:4280:41)
    at process.processTicksAndRejections (node:internal/process/task_queues:105:5)
    at async makeRequest (D:\code\checkerbot\service\github.js:18:22)
    at async Promise.all (index 0)
    at async fetchRepoData (D:\code\checkerbot\service\github.js:67:33)
    at async module.exports (D:\code\checkerbot\commands\add.js:33:22)
    at async execute (D:\code\checkerbot\node_modules\telegraf\lib\composer.js:518:17)
    at async D:\code\checkerbot\node_modules\telegraf\lib\composer.js:519:21
    at async execute (D:\code\checkerbot\node_modules\telegraf\lib\composer.js:518:17)
    at async execute (D:\code\checkerbot\node_modules\telegraf\lib\composer.js:518:17)
[2025-07-22T00:52:28.492Z] [ERROR] undefined undefined
[2025-07-22T00:53:00.024Z] [INFO] 
=== Автопроверка начата ===
[2025-07-22T00:53:00.026Z] [INFO] 🔍 Запуск проверки 1 репозиториев...
[2025-07-22T00:53:00.028Z] [INFO] Проверка combatextended-continued/combatextended (Development)...
[2025-07-22T00:53:00.373Z] [INFO] ✓ Актуально: combatextended-continued/combatextended [344ms]
[2025-07-22T00:53:00.374Z] [INFO] Проверка завершена. Обновлений: 0/1
[2025-07-22T00:53:00.375Z] [INFO] === Автопроверка завершена ===

[2025-07-22T00:53:04.071Z] [ERROR] undefined undefined
[2025-07-22T00:53:04.072Z] [ERROR] undefined undefined
[2025-07-22T00:53:04.073Z] [ERROR] Ошибка в команде /add: Request failed with status code 404 AxiosError: Request failed with status code 404
    at settle (D:\code\checkerbot\node_modules\axios\dist\node\axios.cjs:2053:12)
    at Unzip.handleStreamEnd (D:\code\checkerbot\node_modules\axios\dist\node\axios.cjs:3170:11)
    at Unzip.emit (node:events:530:35)
    at endReadableNT (node:internal/streams/readable:1698:12)
    at process.processTicksAndRejections (node:internal/process/task_queues:90:21)
    at Axios.request (D:\code\checkerbot\node_modules\axios\dist\node\axios.cjs:4280:41)
    at process.processTicksAndRejections (node:internal/process/task_queues:105:5)
    at async makeRequest (D:\code\checkerbot\service\github.js:18:22)
    at async Promise.all (index 0)
    at async fetchRepoData (D:\code\checkerbot\service\github.js:67:33)
    at async module.exports (D:\code\checkerbot\commands\add.js:33:22)
    at async execute (D:\code\checkerbot\node_modules\telegraf\lib\composer.js:518:17)
    at async D:\code\checkerbot\node_modules\telegraf\lib\composer.js:519:21
    at async execute (D:\code\checkerbot\node_modules\telegraf\lib\composer.js:518:17)
    at async execute (D:\code\checkerbot\node_modules\telegraf\lib\composer.js:518:17)
[2025-07-22T00:53:04.179Z] [ERROR] undefined undefined
[2025-07-22T00:53:16.941Z] [ERROR] undefined undefined
[2025-07-22T00:53:17.018Z] [ERROR] undefined undefined
[2025-07-22T00:53:17.094Z] [ERROR] undefined undefined
[2025-07-22T00:53:23.413Z] [ERROR] undefined undefined
[2025-07-22T00:53:23.414Z] [ERROR] undefined undefined
[2025-07-22T00:53:23.415Z] [ERROR] Ошибка в команде /add: Request failed with status code 404 AxiosError: Request failed with status code 404
    at settle (D:\code\checkerbot\node_modules\axios\dist\node\axios.cjs:2053:12)
    at Unzip.handleStreamEnd (D:\code\checkerbot\node_modules\axios\dist\node\axios.cjs:3170:11)
    at Unzip.emit (node:events:530:35)
    at endReadableNT (node:internal/streams/readable:1698:12)
    at process.processTicksAndRejections (node:internal/process/task_queues:90:21)
    at Axios.request (D:\code\checkerbot\node_modules\axios\dist\node\axios.cjs:4280:41)
    at process.processTicksAndRejections (node:internal/process/task_queues:105:5)
    at async makeRequest (D:\code\checkerbot\service\github.js:18:22)
    at async Promise.all (index 0)
    at async fetchRepoData (D:\code\checkerbot\service\github.js:67:33)
    at async module.exports (D:\code\checkerbot\commands\add.js:33:22)
    at async execute (D:\code\checkerbot\node_modules\telegraf\lib\composer.js:518:17)
    at async D:\code\checkerbot\node_modules\telegraf\lib\composer.js:519:21
    at async execute (D:\code\checkerbot\node_modules\telegraf\lib\composer.js:518:17)
    at async execute (D:\code\checkerbot\node_modules\telegraf\lib\composer.js:518:17)
[2025-07-22T00:53:23.425Z] [ERROR] undefined undefined
[2025-07-22T00:53:27.384Z] [ERROR] Ошибка в команде /add: 400: Bad Request: can't parse entities: Character '!' is reserved and must be escaped with the preceding '\' Error: 400: Bad Request: can't parse entities: Character '!' is reserved and must be escaped with the preceding '\'
    at Telegram.callApi (D:\code\checkerbot\node_modules\telegraf\lib\core\network\client.js:315:19)
    at process.processTicksAndRejections (node:internal/process/task_queues:105:5)
    at async module.exports (D:\code\checkerbot\commands\add.js:26:14)
    at async execute (D:\code\checkerbot\node_modules\telegraf\lib\composer.js:518:17)
    at async D:\code\checkerbot\node_modules\telegraf\lib\composer.js:519:21
    at async execute (D:\code\checkerbot\node_modules\telegraf\lib\composer.js:518:17)
    at async execute (D:\code\checkerbot\node_modules\telegraf\lib\composer.js:518:17)
    at async execute (D:\code\checkerbot\node_modules\telegraf\lib\composer.js:518:17)
    at async execute (D:\code\checkerbot\node_modules\telegraf\lib\composer.js:518:17)
    at async execute (D:\code\checkerbot\node_modules\telegraf\lib\composer.js:518:17)
[2025-07-22T00:53:31.517Z] [INFO] 
🤖 Бот запущен!
[2025-07-22T00:53:31.517Z] [INFO] ⏱ Автопроверка каждые 1 минут
[2025-07-22T00:53:37.381Z] [INFO] Загружено 1 репозиториев из хранилища
[2025-07-22T00:53:37.397Z] [INFO] Команда загружена: /add
[2025-07-22T00:53:37.398Z] [INFO] Команда загружена: /branches
[2025-07-22T00:53:37.399Z] [INFO] Команда загружена: /check
[2025-07-22T00:53:37.400Z] [INFO] Команда загружена: /help
[2025-07-22T00:53:37.401Z] [INFO] Команда загружена: /last
[2025-07-22T00:53:37.401Z] [INFO] Команда загружена: /limits
[2025-07-22T00:53:37.402Z] [INFO] Команда загружена: /list
[2025-07-22T00:53:37.406Z] [INFO] Команда загружена: /pr
[2025-07-22T00:53:37.409Z] [INFO] Команда загружена: /prview
[2025-07-22T00:53:37.411Z] [INFO] Команда загружена: /remove
[2025-07-22T00:53:40.194Z] [ERROR] Ошибка в команде /add: 400: Bad Request: can't parse entities: Character '!' is reserved and must be escaped with the preceding '\' Error: 400: Bad Request: can't parse entities: Character '!' is reserved and must be escaped with the preceding '\'
    at Telegram.callApi (D:\code\checkerbot\node_modules\telegraf\lib\core\network\client.js:315:19)
    at process.processTicksAndRejections (node:internal/process/task_queues:105:5)
    at async module.exports (D:\code\checkerbot\commands\add.js:26:14)
    at async execute (D:\code\checkerbot\node_modules\telegraf\lib\composer.js:518:17)
    at async D:\code\checkerbot\node_modules\telegraf\lib\composer.js:519:21
    at async execute (D:\code\checkerbot\node_modules\telegraf\lib\composer.js:518:17)
    at async execute (D:\code\checkerbot\node_modules\telegraf\lib\composer.js:518:17)
    at async execute (D:\code\checkerbot\node_modules\telegraf\lib\composer.js:518:17)
    at async execute (D:\code\checkerbot\node_modules\telegraf\lib\composer.js:518:17)
    at async execute (D:\code\checkerbot\node_modules\telegraf\lib\composer.js:518:17)
[2025-07-22T00:54:00.024Z] [INFO] 
=== Автопроверка начата ===
[2025-07-22T00:54:00.027Z] [INFO] 🔍 Запуск проверки 1 репозиториев...
[2025-07-22T00:54:00.028Z] [INFO] Проверка combatextended-continued/combatextended (Development)...
[2025-07-22T00:54:00.452Z] [INFO] ✓ Актуально: combatextended-continued/combatextended [424ms]
[2025-07-22T00:54:00.453Z] [INFO] Проверка завершена. Обновлений: 0/1
[2025-07-22T00:54:00.453Z] [INFO] === Автопроверка завершена ===

[2025-07-22T00:54:59.971Z] [INFO] 
🤖 Бот запущен!
[2025-07-22T00:54:59.972Z] [INFO] ⏱ Автопроверка каждые 1 минут
[2025-07-22T00:55:00.031Z] [INFO] 
=== Автопроверка начата ===
[2025-07-22T00:55:00.032Z] [INFO] 🔍 Запуск проверки 1 репозиториев...
[2025-07-22T00:55:00.033Z] [INFO] Проверка combatextended-continued/combatextended (Development)...
[2025-07-22T00:55:00.367Z] [INFO] ✓ Актуально: combatextended-continued/combatextended [333ms]
[2025-07-22T00:55:00.367Z] [INFO] Проверка завершена. Обновлений: 0/1
[2025-07-22T00:55:00.368Z] [INFO] === Автопроверка завершена ===

[2025-07-22T00:55:01.702Z] [INFO] Загружено 1 репозиториев из хранилища
[2025-07-22T00:55:01.713Z] [INFO] Команда загружена: /add
[2025-07-22T00:55:01.714Z] [INFO] Команда загружена: /branches
[2025-07-22T00:55:01.715Z] [INFO] Команда загружена: /check
[2025-07-22T00:55:01.715Z] [INFO] Команда загружена: /help
[2025-07-22T00:55:01.716Z] [INFO] Команда загружена: /last
[2025-07-22T00:55:01.717Z] [INFO] Команда загружена: /limits
[2025-07-22T00:55:01.717Z] [INFO] Команда загружена: /list
[2025-07-22T00:55:01.720Z] [INFO] Команда загружена: /pr
[2025-07-22T00:55:01.721Z] [INFO] Команда загружена: /prview
[2025-07-22T00:55:01.722Z] [INFO] Команда загружена: /remove
[2025-07-22T00:55:06.473Z] [ERROR] Ошибка в команде /add: 400: Bad Request: can't parse entities: Character '!' is reserved and must be escaped with the preceding '\' Error: 400: Bad Request: can't parse entities: Character '!' is reserved and must be escaped with the preceding '\'
    at Telegram.callApi (D:\code\checkerbot\node_modules\telegraf\lib\core\network\client.js:315:19)
    at process.processTicksAndRejections (node:internal/process/task_queues:105:5)
    at async module.exports (D:\code\checkerbot\commands\add.js:26:14)
    at async execute (D:\code\checkerbot\node_modules\telegraf\lib\composer.js:518:17)
    at async D:\code\checkerbot\node_modules\telegraf\lib\composer.js:519:21
    at async execute (D:\code\checkerbot\node_modules\telegraf\lib\composer.js:518:17)
    at async execute (D:\code\checkerbot\node_modules\telegraf\lib\composer.js:518:17)
    at async execute (D:\code\checkerbot\node_modules\telegraf\lib\composer.js:518:17)
    at async execute (D:\code\checkerbot\node_modules\telegraf\lib\composer.js:518:17)
    at async execute (D:\code\checkerbot\node_modules\telegraf\lib\composer.js:518:17)
[2025-07-22T00:56:00.028Z] [INFO] 
=== Автопроверка начата ===
[2025-07-22T00:56:00.029Z] [INFO] 🔍 Запуск проверки 1 репозиториев...
[2025-07-22T00:56:00.030Z] [INFO] Проверка combatextended-continued/combatextended (Development)...
[2025-07-22T00:56:00.407Z] [INFO] ✓ Актуально: combatextended-continued/combatextended [376ms]
[2025-07-22T00:56:00.407Z] [INFO] Проверка завершена. Обновлений: 0/1
[2025-07-22T00:56:00.407Z] [INFO] === Автопроверка завершена ===

[2025-07-22T00:57:00.025Z] [INFO] 
=== Автопроверка начата ===
[2025-07-22T00:57:00.025Z] [INFO] 🔍 Запуск проверки 1 репозиториев...
[2025-07-22T00:57:00.026Z] [INFO] Проверка combatextended-continued/combatextended (Development)...
[2025-07-22T00:57:00.380Z] [INFO] ✓ Актуально: combatextended-continued/combatextended [354ms]
[2025-07-22T00:57:00.381Z] [INFO] Проверка завершена. Обновлений: 0/1
[2025-07-22T00:57:00.382Z] [INFO] === Автопроверка завершена ===

[2025-07-22T00:58:00.020Z] [INFO] 
=== Автопроверка начата ===
[2025-07-22T00:58:00.022Z] [INFO] 🔍 Запуск проверки 1 репозиториев...
[2025-07-22T00:58:00.022Z] [INFO] Проверка combatextended-continued/combatextended (Development)...
[2025-07-22T00:58:00.378Z] [INFO] ✓ Актуально: combatextended-continued/combatextended [355ms]
[2025-07-22T00:58:00.378Z] [INFO] Проверка завершена. Обновлений: 0/1
[2025-07-22T00:58:00.378Z] [INFO] === Автопроверка завершена ===

[2025-07-22T00:58:25.720Z] [INFO] 
🤖 Бот запущен!
[2025-07-22T00:58:25.721Z] [INFO] ⏱ Автопроверка каждые 1 минут
[2025-07-22T00:58:27.780Z] [INFO] Загружено 1 репозиториев из хранилища
[2025-07-22T00:58:27.791Z] [INFO] Команда загружена: /add
[2025-07-22T00:58:27.792Z] [INFO] Команда загружена: /branches
[2025-07-22T00:58:27.793Z] [INFO] Команда загружена: /check
[2025-07-22T00:58:27.793Z] [INFO] Команда загружена: /help
[2025-07-22T00:58:27.794Z] [INFO] Команда загружена: /last
[2025-07-22T00:58:27.795Z] [INFO] Команда загружена: /limits
[2025-07-22T00:58:27.796Z] [INFO] Команда загружена: /list
[2025-07-22T00:58:27.798Z] [INFO] Команда загружена: /pr
[2025-07-22T00:58:27.799Z] [INFO] Команда загружена: /prview
[2025-07-22T00:58:27.800Z] [INFO] Команда загружена: /remove
[2025-07-22T00:58:33.815Z] [ERROR] undefined undefined
[2025-07-22T00:58:33.911Z] [ERROR] undefined undefined
[2025-07-22T00:58:34.004Z] [ERROR] undefined undefined
[2025-07-22T00:58:43.128Z] [ERROR] undefined undefined
[2025-07-22T00:58:43.222Z] [ERROR] undefined undefined
[2025-07-22T00:58:43.315Z] [ERROR] undefined undefined
[2025-07-22T00:58:48.024Z] [ERROR] undefined undefined
[2025-07-22T00:58:48.114Z] [ERROR] undefined undefined
[2025-07-22T00:58:48.204Z] [ERROR] undefined undefined
[2025-07-22T00:58:49.700Z] [ERROR] undefined undefined
[2025-07-22T00:58:49.791Z] [ERROR] undefined undefined
[2025-07-22T00:58:49.881Z] [ERROR] undefined undefined
[2025-07-22T00:58:56.722Z] [INFO] 
🤖 Бот запущен!
[2025-07-22T00:58:56.723Z] [INFO] ⏱ Автопроверка каждые 1 минут
[2025-07-22T00:59:00.023Z] [INFO] 
=== Автопроверка начата ===
[2025-07-22T00:59:00.026Z] [INFO] 🔍 Запуск проверки 1 репозиториев...
[2025-07-22T00:59:00.027Z] [INFO] Проверка combatextended-continued/combatextended (Development)...
[2025-07-22T00:59:00.404Z] [INFO] ✓ Актуально: combatextended-continued/combatextended [376ms]
[2025-07-22T00:59:00.404Z] [INFO] Проверка завершена. Обновлений: 0/1
[2025-07-22T00:59:00.405Z] [INFO] === Автопроверка завершена ===

[2025-07-22T01:00:26.795Z] [INFO] Загружено 1 репозиториев из хранилища
[2025-07-22T01:00:26.805Z] [INFO] Команда загружена: /add
[2025-07-22T01:00:26.806Z] [INFO] Команда загружена: /branches
[2025-07-22T01:00:26.806Z] [INFO] Команда загружена: /check
[2025-07-22T01:00:26.807Z] [INFO] Команда загружена: /help
[2025-07-22T01:00:26.808Z] [INFO] Команда загружена: /last
[2025-07-22T01:00:26.808Z] [INFO] Команда загружена: /limits
[2025-07-22T01:00:26.809Z] [INFO] Команда загружена: /list
[2025-07-22T01:00:26.814Z] [INFO] Команда загружена: /pr
[2025-07-22T01:00:26.815Z] [INFO] Команда загружена: /prview
[2025-07-22T01:00:26.816Z] [INFO] Команда загружена: /remove
[2025-07-22T01:00:36.208Z] [ERROR] undefined
Stack Trace: undefined
[2025-07-22T01:00:36.284Z] [ERROR] undefined
Stack Trace: undefined
[2025-07-22T01:00:36.361Z] [ERROR] undefined
Stack Trace: undefined
[2025-07-22T01:01:00.035Z] [INFO] 
=== Автопроверка начата ===
[2025-07-22T01:01:00.036Z] [INFO] 🔍 Запуск проверки 1 репозиториев...
[2025-07-22T01:01:00.036Z] [INFO] Проверка combatextended-continued/combatextended (Development)...
[2025-07-22T01:01:00.421Z] [INFO] ✓ Актуально: combatextended-continued/combatextended [384ms]
[2025-07-22T01:01:00.421Z] [INFO] Проверка завершена. Обновлений: 0/1
[2025-07-22T01:01:00.421Z] [INFO] === Автопроверка завершена ===

[2025-07-22T01:02:00.024Z] [INFO] 
=== Автопроверка начата ===
[2025-07-22T01:02:00.025Z] [INFO] 🔍 Запуск проверки 1 репозиториев...
[2025-07-22T01:02:00.025Z] [INFO] Проверка combatextended-continued/combatextended (Development)...
[2025-07-22T01:02:00.415Z] [INFO] ✓ Актуально: combatextended-continued/combatextended [389ms]
[2025-07-22T01:02:00.415Z] [INFO] Проверка завершена. Обновлений: 0/1
[2025-07-22T01:02:00.415Z] [INFO] === Автопроверка завершена ===

[2025-07-22T01:02:31.718Z] [ERROR] undefined
Stack Trace: undefined
[2025-07-22T01:02:31.794Z] [ERROR] undefined
Stack Trace: undefined
[2025-07-22T01:02:31.870Z] [ERROR] undefined
Stack Trace: undefined
[2025-07-22T01:03:00.023Z] [INFO] 
=== Автопроверка начата ===
[2025-07-22T01:03:00.023Z] [INFO] 🔍 Запуск проверки 1 репозиториев...
[2025-07-22T01:03:00.024Z] [INFO] Проверка combatextended-continued/combatextended (Development)...
[2025-07-22T01:03:00.418Z] [INFO] ✓ Актуально: combatextended-continued/combatextended [394ms]
[2025-07-22T01:03:00.419Z] [INFO] Проверка завершена. Обновлений: 0/1
[2025-07-22T01:03:00.419Z] [INFO] === Автопроверка завершена ===

[2025-07-22T01:04:00.023Z] [INFO] 
=== Автопроверка начата ===
[2025-07-22T01:04:00.023Z] [INFO] 🔍 Запуск проверки 1 репозиториев...
[2025-07-22T01:04:00.024Z] [INFO] Проверка combatextended-continued/combatextended (Development)...
[2025-07-22T01:04:00.391Z] [INFO] ✓ Актуально: combatextended-continued/combatextended [366ms]
[2025-07-22T01:04:00.391Z] [INFO] Проверка завершена. Обновлений: 0/1
[2025-07-22T01:04:00.392Z] [INFO] === Автопроверка завершена ===

[2025-07-22T01:05:00.022Z] [INFO] 
=== Автопроверка начата ===
[2025-07-22T01:05:00.022Z] [INFO] 🔍 Запуск проверки 1 репозиториев...
[2025-07-22T01:05:00.022Z] [INFO] Проверка combatextended-continued/combatextended (Development)...
[2025-07-22T01:05:00.376Z] [INFO] ✓ Актуально: combatextended-continued/combatextended [353ms]
[2025-07-22T01:05:00.376Z] [INFO] Проверка завершена. Обновлений: 0/1
[2025-07-22T01:05:00.377Z] [INFO] === Автопроверка завершена ===

[2025-07-22T01:05:16.034Z] [INFO] 
🤖 Бот запущен!
[2025-07-22T01:05:16.034Z] [INFO] ⏱ Автопроверка каждые 1 минут
[2025-07-22T01:31:03.860Z] [INFO] Загружено 1 репозиториев из хранилища
[2025-07-22T01:31:09.778Z] [INFO] Help delivered for: main
[2025-07-22T01:31:24.574Z] [INFO] Help delivered for: add
[2025-07-22T01:32:00.034Z] [INFO] 🔍 Запуск проверки 1 репозиториев...
[2025-07-22T01:32:00.034Z] [INFO] Проверка combatextended-continued/combatextended (Development)...
[2025-07-22T01:32:00.393Z] [INFO] ✓ Актуально: combatextended-continued/combatextended [358ms]
[2025-07-22T01:32:00.394Z] [INFO] Проверка завершена. Обновлений: 0/1
[2025-07-22T01:33:00.023Z] [INFO] 🔍 Запуск проверки 1 репозиториев...
[2025-07-22T01:33:00.023Z] [INFO] Проверка combatextended-continued/combatextended (Development)...
[2025-07-22T01:33:00.024Z] [INFO] ✓ Актуально: combatextended-continued/combatextended [1ms]
[2025-07-22T01:33:00.024Z] [INFO] Проверка завершена. Обновлений: 0/1
[2025-07-22T01:33:40.499Z] [INFO] Загружено 1 репозиториев из хранилища
[2025-07-22T01:33:42.448Z] [INFO] Загружено 1 репозиториев из хранилища
[2025-07-22T01:33:50.672Z] [INFO] Help delivered for: main
[2025-07-22T01:34:00.026Z] [INFO] 🔍 Запуск проверки 1 репозиториев...
[2025-07-22T01:34:00.026Z] [INFO] Проверка combatextended-continued/combatextended (Development)...
[2025-07-22T01:34:00.395Z] [INFO] ✓ Актуально: combatextended-continued/combatextended [369ms]
[2025-07-22T01:34:00.395Z] [INFO] Проверка завершена. Обновлений: 0/1
[2025-07-22T01:35:00.046Z] [INFO] 🔍 Запуск проверки 1 репозиториев...
[2025-07-22T01:35:00.047Z] [INFO] Проверка combatextended-continued/combatextended (Development)...
[2025-07-22T01:35:00.048Z] [INFO] ✓ Актуально: combatextended-continued/combatextended [1ms]
[2025-07-22T01:35:00.048Z] [INFO] Проверка завершена. Обновлений: 0/1
[2025-07-22T01:36:00.029Z] [INFO] 🔍 Запуск проверки 1 репозиториев...
[2025-07-22T01:36:00.029Z] [INFO] Проверка combatextended-continued/combatextended (Development)...
[2025-07-22T01:36:00.030Z] [INFO] ✓ Актуально: combatextended-continued/combatextended [1ms]
[2025-07-22T01:36:00.031Z] [INFO] Проверка завершена. Обновлений: 0/1
[2025-07-22T01:36:42.042Z] [INFO] Загружено 1 репозиториев из хранилища
[2025-07-22T01:36:44.468Z] [INFO] Загружено 1 репозиториев из хранилища
[2025-07-22T01:36:48.703Z] [INFO] Help delivered for: main
[2025-07-22T01:36:49.990Z] [INFO] Listed 1 repositories
[2025-07-22T01:37:00.017Z] [INFO] 🔍 Запуск проверки 1 репозиториев...
[2025-07-22T01:37:00.018Z] [INFO] Проверка combatextended-continued/combatextended (Development)...
[2025-07-22T01:37:00.383Z] [INFO] ✓ Актуально: combatextended-continued/combatextended [365ms]
[2025-07-22T01:37:00.383Z] [INFO] Проверка завершена. Обновлений: 0/1
[2025-07-22T01:38:00.031Z] [INFO] 🔍 Запуск проверки 1 репозиториев...
[2025-07-22T01:38:00.031Z] [INFO] Проверка combatextended-continued/combatextended (Development)...
[2025-07-22T01:38:00.034Z] [INFO] ✓ Актуально: combatextended-continued/combatextended [2ms]
[2025-07-22T01:38:00.034Z] [INFO] Проверка завершена. Обновлений: 0/1
[2025-07-22T01:39:00.017Z] [INFO] 🔍 Запуск проверки 1 репозиториев...
[2025-07-22T01:39:00.017Z] [INFO] Проверка combatextended-continued/combatextended (Development)...
[2025-07-22T01:39:00.018Z] [INFO] ✓ Актуально: combatextended-continued/combatextended [1ms]
[2025-07-22T01:39:00.018Z] [INFO] Проверка завершена. Обновлений: 0/1
[2025-07-22T01:39:44.402Z] [INFO] 🔍 Запуск проверки 1 репозиториев...
[2025-07-22T01:39:44.402Z] [INFO] Проверка combatextended-continued/combatextended (Development)...
[2025-07-22T01:39:44.403Z] [INFO] ✓ Актуально: combatextended-continued/combatextended [0ms]
[2025-07-22T01:39:44.403Z] [INFO] Проверка завершена. Обновлений: 0/1
[2025-07-22T01:40:00.020Z] [INFO] 🔍 Запуск проверки 1 репозиториев...
[2025-07-22T01:40:00.020Z] [INFO] Проверка combatextended-continued/combatextended (Development)...
[2025-07-22T01:40:00.020Z] [INFO] ✓ Актуально: combatextended-continued/combatextended [0ms]
[2025-07-22T01:40:00.020Z] [INFO] Проверка завершена. Обновлений: 0/1
[2025-07-22T01:43:15.442Z] [INFO] Загружено 1 репозиториев из хранилища
[2025-07-22T01:43:19.274Z] [INFO] Help delivered for: main
[2025-07-22T01:44:00.028Z] [INFO] 🔍 Запуск проверки 1 репозиториев...
[2025-07-22T01:44:00.028Z] [INFO] Проверка combatextended-continued/combatextended (Development)...
[2025-07-22T01:44:00.375Z] [INFO] ✓ Актуально: combatextended-continued/combatextended [347ms]
[2025-07-22T01:44:00.375Z] [INFO] Проверка завершена. Обновлений: 0/1
[2025-07-22T01:44:02.031Z] [INFO] Проверены лимиты API. Осталось запросов: 4995
[2025-07-22T01:44:10.750Z] [INFO] 🔍 Запуск проверки 1 репозиториев...
[2025-07-22T01:44:10.750Z] [INFO] Проверка combatextended-continued/combatextended (Development)...
[2025-07-22T01:44:10.751Z] [INFO] ✓ Актуально: combatextended-continued/combatextended [1ms]
[2025-07-22T01:44:10.751Z] [INFO] Проверка завершена. Обновлений: 0/1
[2025-07-22T01:44:15.489Z] [ERROR] Ошибка в команде /add: Cannot read properties of undefined (reading 'text')
Stack Trace: TypeError: Cannot read properties of undefined (reading 'text')
    at module.exports [as add] (D:\code\checkerbot\commands\add.js:8:34)
    at D:\code\checkerbot\bot.js:60:29
    at D:\code\checkerbot\node_modules\telegraf\lib\composer.js:339:28
    at D:\code\checkerbot\node_modules\telegraf\lib\composer.js:165:111
    at process.processTicksAndRejections (node:internal/process/task_queues:105:5)
    at async execute (D:\code\checkerbot\node_modules\telegraf\lib\composer.js:518:17)
    at async D:\code\checkerbot\node_modules\telegraf\lib\composer.js:519:21
    at async execute (D:\code\checkerbot\node_modules\telegraf\lib\composer.js:518:17)
    at async D:\code\checkerbot\node_modules\telegraf\lib\composer.js:519:21
    at async execute (D:\code\checkerbot\node_modules\telegraf\lib\composer.js:518:17)
[2025-07-22T01:45:00.028Z] [INFO] 🔍 Запуск проверки 1 репозиториев...
[2025-07-22T01:45:00.029Z] [INFO] Проверка combatextended-continued/combatextended (Development)...
[2025-07-22T01:45:00.030Z] [INFO] ✓ Актуально: combatextended-continued/combatextended [1ms]
[2025-07-22T01:45:00.031Z] [INFO] Проверка завершена. Обновлений: 0/1
[2025-07-22T01:46:00.025Z] [INFO] 🔍 Запуск проверки 1 репозиториев...
[2025-07-22T01:46:00.025Z] [INFO] Проверка combatextended-continued/combatextended (Development)...
[2025-07-22T01:46:00.026Z] [INFO] ✓ Актуально: combatextended-continued/combatextended [1ms]
[2025-07-22T01:46:00.026Z] [INFO] Проверка завершена. Обновлений: 0/1
[2025-07-22T01:47:00.043Z] [INFO] 🔍 Запуск проверки 1 репозиториев...
[2025-07-22T01:47:00.044Z] [INFO] Проверка combatextended-continued/combatextended (Development)...
[2025-07-22T01:47:00.045Z] [INFO] ✓ Актуально: combatextended-continued/combatextended [1ms]
[2025-07-22T01:47:00.045Z] [INFO] Проверка завершена. Обновлений: 0/1
[2025-07-22T01:48:00.020Z] [INFO] 🔍 Запуск проверки 1 репозиториев...
[2025-07-22T01:48:00.021Z] [INFO] Проверка combatextended-continued/combatextended (Development)...
[2025-07-22T01:48:00.021Z] [INFO] ✓ Актуально: combatextended-continued/combatextended [0ms]
[2025-07-22T01:48:00.022Z] [INFO] Проверка завершена. Обновлений: 0/1
[2025-07-22T01:49:00.023Z] [INFO] 🔍 Запуск проверки 1 репозиториев...
[2025-07-22T01:49:00.023Z] [INFO] Проверка combatextended-continued/combatextended (Development)...
[2025-07-22T01:49:00.023Z] [INFO] ✓ Актуально: combatextended-continued/combatextended [0ms]
[2025-07-22T01:49:00.023Z] [INFO] Проверка завершена. Обновлений: 0/1
[2025-07-22T01:50:00.024Z] [INFO] 🔍 Запуск проверки 1 репозиториев...
[2025-07-22T01:50:00.025Z] [INFO] Проверка combatextended-continued/combatextended (Development)...
[2025-07-22T01:50:00.396Z] [INFO] ✓ Актуально: combatextended-continued/combatextended [371ms]
[2025-07-22T01:50:00.396Z] [INFO] Проверка завершена. Обновлений: 0/1
[2025-07-22T01:51:00.033Z] [INFO] 🔍 Запуск проверки 1 репозиториев...
[2025-07-22T01:51:00.033Z] [INFO] Проверка combatextended-continued/combatextended (Development)...
[2025-07-22T01:51:00.035Z] [INFO] ✓ Актуально: combatextended-continued/combatextended [1ms]
[2025-07-22T01:51:00.035Z] [INFO] Проверка завершена. Обновлений: 0/1
[2025-07-22T01:51:23.293Z] [INFO] Загружено 1 репозиториев из хранилища
[2025-07-22T01:51:24.891Z] [INFO] Загружено 1 репозиториев из хранилища
[2025-07-22T01:51:33.866Z] [INFO] Help delivered for: main
[2025-07-22T01:52:00.047Z] [INFO] 🔍 Запуск проверки 1 репозиториев...
[2025-07-22T01:52:00.048Z] [INFO] Проверка combatextended-continued/combatextended (Development)...
[2025-07-22T01:52:00.395Z] [INFO] ✓ Актуально: combatextended-continued/combatextended [346ms]
[2025-07-22T01:52:00.395Z] [INFO] Проверка завершена. Обновлений: 0/1
[2025-07-22T01:52:22.449Z] [INFO] Загружено 1 репозиториев из хранилища
[2025-07-22T01:52:23.666Z] [INFO] Загружено 1 репозиториев из хранилища
[2025-07-22T01:52:26.249Z] [INFO] Help delivered for: main
[2025-07-22T01:52:35.416Z] [INFO] Listed 1 repositories
[2025-07-22T01:53:00.039Z] [INFO] 🔍 Запуск проверки 1 репозиториев...
[2025-07-22T01:53:00.039Z] [INFO] Проверка combatextended-continued/combatextended (Development)...
[2025-07-22T01:53:00.434Z] [INFO] ✓ Актуально: combatextended-continued/combatextended [395ms]
[2025-07-22T01:53:00.434Z] [INFO] Проверка завершена. Обновлений: 0/1
[2025-07-22T01:53:24.003Z] [INFO] 🔍 Запуск проверки 1 репозиториев...
[2025-07-22T01:53:24.003Z] [INFO] Проверка combatextended-continued/combatextended (Development)...
[2025-07-22T01:53:24.004Z] [INFO] ✓ Актуально: combatextended-continued/combatextended [1ms]
[2025-07-22T01:53:24.004Z] [INFO] Проверка завершена. Обновлений: 0/1
[2025-07-22T01:54:00.027Z] [INFO] 🔍 Запуск проверки 1 репозиториев...
[2025-07-22T01:54:00.027Z] [INFO] Проверка combatextended-continued/combatextended (Development)...
[2025-07-22T01:54:00.027Z] [INFO] ✓ Актуально: combatextended-continued/combatextended [0ms]
[2025-07-22T01:54:00.028Z] [INFO] Проверка завершена. Обновлений: 0/1
[2025-07-22T01:55:00.034Z] [INFO] 🔍 Запуск проверки 1 репозиториев...
[2025-07-22T01:55:00.034Z] [INFO] Проверка combatextended-continued/combatextended (Development)...
[2025-07-22T01:55:00.035Z] [INFO] ✓ Актуально: combatextended-continued/combatextended [1ms]
[2025-07-22T01:55:00.035Z] [INFO] Проверка завершена. Обновлений: 0/1
[2025-07-22T01:56:00.022Z] [INFO] 🔍 Запуск проверки 1 репозиториев...
[2025-07-22T01:56:00.022Z] [INFO] Проверка combatextended-continued/combatextended (Development)...
[2025-07-22T01:56:00.023Z] [INFO] ✓ Актуально: combatextended-continued/combatextended [0ms]
[2025-07-22T01:56:00.023Z] [INFO] Проверка завершена. Обновлений: 0/1
[2025-07-22T01:56:18.844Z] [INFO] Загружено 1 репозиториев из хранилища
[2025-07-22T01:56:20.315Z] [INFO] Загружено 1 репозиториев из хранилища
[2025-07-22T01:56:23.212Z] [INFO] Listed 1 repositories
[2025-07-22T01:56:26.100Z] [INFO] Listed 1 repositories
[2025-07-22T01:56:31.547Z] [INFO] Listed 1 repositories
[2025-07-22T01:57:00.032Z] [INFO] 🔍 Запуск проверки 1 репозиториев...
[2025-07-22T01:57:00.032Z] [INFO] Проверка combatextended-continued/combatextended (Development)...
[2025-07-22T01:57:00.453Z] [INFO] ✓ Актуально: combatextended-continued/combatextended [421ms]
[2025-07-22T01:57:00.454Z] [INFO] Проверка завершена. Обновлений: 0/1
[2025-07-22T01:58:00.020Z] [INFO] 🔍 Запуск проверки 1 репозиториев...
[2025-07-22T01:58:00.021Z] [INFO] Проверка combatextended-continued/combatextended (Development)...
[2025-07-22T01:58:00.022Z] [INFO] ✓ Актуально: combatextended-continued/combatextended [1ms]
[2025-07-22T01:58:00.022Z] [INFO] Проверка завершена. Обновлений: 0/1
[2025-07-22T01:58:47.637Z] [INFO] Загружено 1 репозиториев из хранилища
[2025-07-22T01:58:49.959Z] [INFO] Загружено 1 репозиториев из хранилища
[2025-07-22T01:58:54.260Z] [INFO] Listed 1 repositories
[2025-07-22T01:58:56.177Z] [INFO] Help delivered for: main
[2025-07-22T01:58:57.333Z] [INFO] Listed 1 repositories
[2025-07-22T01:59:00.019Z] [INFO] 🔍 Запуск проверки 1 репозиториев...
[2025-07-22T01:59:00.019Z] [INFO] Проверка combatextended-continued/combatextended (Development)...
[2025-07-22T01:59:00.366Z] [INFO] ✓ Актуально: combatextended-continued/combatextended [347ms]
[2025-07-22T01:59:00.366Z] [INFO] Проверка завершена. Обновлений: 0/1
[2025-07-22T02:00:00.030Z] [INFO] 🔍 Запуск проверки 1 репозиториев...
[2025-07-22T02:00:00.031Z] [INFO] Проверка combatextended-continued/combatextended (Development)...
[2025-07-22T02:00:00.033Z] [INFO] ✓ Актуально: combatextended-continued/combatextended [1ms]
[2025-07-22T02:00:00.033Z] [INFO] Проверка завершена. Обновлений: 0/1
[2025-07-22T02:01:00.020Z] [INFO] 🔍 Запуск проверки 1 репозиториев...
[2025-07-22T02:01:00.021Z] [INFO] Проверка combatextended-continued/combatextended (Development)...
[2025-07-22T02:01:00.022Z] [INFO] ✓ Актуально: combatextended-continued/combatextended [1ms]
[2025-07-22T02:01:00.023Z] [INFO] Проверка завершена. Обновлений: 0/1
[2025-07-22T02:02:00.025Z] [INFO] 🔍 Запуск проверки 1 репозиториев...
[2025-07-22T02:02:00.025Z] [INFO] Проверка combatextended-continued/combatextended (Development)...
[2025-07-22T02:02:00.026Z] [INFO] ✓ Актуально: combatextended-continued/combatextended [1ms]
[2025-07-22T02:02:00.026Z] [INFO] Проверка завершена. Обновлений: 0/1
[2025-07-22T02:03:00.015Z] [INFO] 🔍 Запуск проверки 1 репозиториев...
[2025-07-22T02:03:00.015Z] [INFO] Проверка combatextended-continued/combatextended (Development)...
[2025-07-22T02:03:00.016Z] [INFO] ✓ Актуально: combatextended-continued/combatextended [1ms]
[2025-07-22T02:03:00.016Z] [INFO] Проверка завершена. Обновлений: 0/1
[2025-07-22T02:04:00.018Z] [INFO] 🔍 Запуск проверки 1 репозиториев...
[2025-07-22T02:04:00.019Z] [INFO] Проверка combatextended-continued/combatextended (Development)...
[2025-07-22T02:04:00.019Z] [INFO] ✓ Актуально: combatextended-continued/combatextended [0ms]
[2025-07-22T02:04:00.020Z] [INFO] Проверка завершена. Обновлений: 0/1
[2025-07-22T02:05:00.022Z] [INFO] 🔍 Запуск проверки 1 репозиториев...
[2025-07-22T02:05:00.023Z] [INFO] Проверка combatextended-continued/combatextended (Development)...
[2025-07-22T02:05:00.436Z] [INFO] ✓ Актуально: combatextended-continued/combatextended [413ms]
[2025-07-22T02:05:00.437Z] [INFO] Проверка завершена. Обновлений: 0/1
[2025-07-22T02:06:00.036Z] [INFO] 🔍 Запуск проверки 1 репозиториев...
[2025-07-22T02:06:00.036Z] [INFO] Проверка combatextended-continued/combatextended (Development)...
[2025-07-22T02:06:00.037Z] [INFO] ✓ Актуально: combatextended-continued/combatextended [0ms]
[2025-07-22T02:06:00.037Z] [INFO] Проверка завершена. Обновлений: 0/1
[2025-07-22T02:07:00.026Z] [INFO] 🔍 Запуск проверки 1 репозиториев...
[2025-07-22T02:07:00.026Z] [INFO] Проверка combatextended-continued/combatextended (Development)...
[2025-07-22T02:07:00.027Z] [INFO] ✓ Актуально: combatextended-continued/combatextended [1ms]
[2025-07-22T02:07:00.027Z] [INFO] Проверка завершена. Обновлений: 0/1
[2025-07-22T02:08:00.028Z] [INFO] 🔍 Запуск проверки 1 репозиториев...
[2025-07-22T02:08:00.029Z] [INFO] Проверка combatextended-continued/combatextended (Development)...
[2025-07-22T02:08:00.030Z] [INFO] ✓ Актуально: combatextended-continued/combatextended [0ms]
[2025-07-22T02:08:00.030Z] [INFO] Проверка завершена. Обновлений: 0/1
[2025-07-22T02:09:00.019Z] [INFO] 🔍 Запуск проверки 1 репозиториев...
[2025-07-22T02:09:00.019Z] [INFO] Проверка combatextended-continued/combatextended (Development)...
[2025-07-22T02:09:00.020Z] [INFO] ✓ Актуально: combatextended-continued/combatextended [1ms]
[2025-07-22T02:09:00.020Z] [INFO] Проверка завершена. Обновлений: 0/1
[2025-07-22T02:10:00.018Z] [INFO] 🔍 Запуск проверки 1 репозиториев...
[2025-07-22T02:10:00.018Z] [INFO] Проверка combatextended-continued/combatextended (Development)...
[2025-07-22T02:10:00.019Z] [INFO] ✓ Актуально: combatextended-continued/combatextended [1ms]
[2025-07-22T02:10:00.019Z] [INFO] Проверка завершена. Обновлений: 0/1
[2025-07-22T02:11:00.029Z] [INFO] 🔍 Запуск проверки 1 репозиториев...
[2025-07-22T02:11:00.030Z] [INFO] Проверка combatextended-continued/combatextended (Development)...
[2025-07-22T02:11:00.435Z] [INFO] ✓ Актуально: combatextended-continued/combatextended [404ms]
[2025-07-22T02:11:00.435Z] [INFO] Проверка завершена. Обновлений: 0/1
[2025-07-22T02:12:00.018Z] [INFO] 🔍 Запуск проверки 1 репозиториев...
[2025-07-22T02:12:00.018Z] [INFO] Проверка combatextended-continued/combatextended (Development)...
[2025-07-22T02:12:00.019Z] [INFO] ✓ Актуально: combatextended-continued/combatextended [1ms]
[2025-07-22T02:12:00.019Z] [INFO] Проверка завершена. Обновлений: 0/1
[2025-07-22T02:13:00.027Z] [INFO] 🔍 Запуск проверки 1 репозиториев...
[2025-07-22T02:13:00.027Z] [INFO] Проверка combatextended-continued/combatextended (Development)...
[2025-07-22T02:13:00.027Z] [INFO] ✓ Актуально: combatextended-continued/combatextended [0ms]
[2025-07-22T02:13:00.027Z] [INFO] Проверка завершена. Обновлений: 0/1
[2025-07-22T02:13:32.650Z] [INFO] Загружено 1 репозиториев из хранилища
[2025-07-22T02:13:37.666Z] [ERROR] List command failed: log is not defined
Stack Trace: ReferenceError: log is not defined
    at module.exports (D:\code\checkerbot\commands\list.js:66:5)
    at process.processTicksAndRejections (node:internal/process/task_queues:105:5)
    at async execute (D:\code\checkerbot\node_modules\telegraf\lib\composer.js:518:17)
    at async D:\code\checkerbot\node_modules\telegraf\lib\composer.js:519:21
    at async execute (D:\code\checkerbot\node_modules\telegraf\lib\composer.js:518:17)
    at async D:\code\checkerbot\node_modules\telegraf\lib\composer.js:519:21
    at async execute (D:\code\checkerbot\node_modules\telegraf\lib\composer.js:518:17)
    at async D:\code\checkerbot\node_modules\telegraf\lib\composer.js:519:21
    at async execute (D:\code\checkerbot\node_modules\telegraf\lib\composer.js:518:17)
    at async D:\code\checkerbot\node_modules\telegraf\lib\composer.js:519:21
[2025-07-22T02:14:00.034Z] [INFO] 🔍 Запуск проверки 1 репозиториев...
[2025-07-22T02:14:00.035Z] [INFO] Проверка combatextended-continued/combatextended (Development)...
[2025-07-22T02:14:00.415Z] [INFO] ✓ Актуально: combatextended-continued/combatextended [379ms]
[2025-07-22T02:14:00.415Z] [INFO] Проверка завершена. Обновлений: 0/1
[2025-07-22T02:15:00.020Z] [INFO] 🔍 Запуск проверки 1 репозиториев...
[2025-07-22T02:15:00.020Z] [INFO] Проверка combatextended-continued/combatextended (Development)...
[2025-07-22T02:15:00.022Z] [INFO] ✓ Актуально: combatextended-continued/combatextended [1ms]
[2025-07-22T02:15:00.022Z] [INFO] Проверка завершена. Обновлений: 0/1
[2025-07-22T02:16:00.022Z] [INFO] 🔍 Запуск проверки 1 репозиториев...
[2025-07-22T02:16:00.022Z] [INFO] Проверка combatextended-continued/combatextended (Development)...
[2025-07-22T02:16:00.023Z] [INFO] ✓ Актуально: combatextended-continued/combatextended [1ms]
[2025-07-22T02:16:00.023Z] [INFO] Проверка завершена. Обновлений: 0/1
[2025-07-22T02:17:00.032Z] [INFO] 🔍 Запуск проверки 1 репозиториев...
[2025-07-22T02:17:00.033Z] [INFO] Проверка combatextended-continued/combatextended (Development)...
[2025-07-22T02:17:00.033Z] [INFO] ✓ Актуально: combatextended-continued/combatextended [0ms]
[2025-07-22T02:17:00.034Z] [INFO] Проверка завершена. Обновлений: 0/1
[2025-07-22T02:18:00.020Z] [INFO] 🔍 Запуск проверки 1 репозиториев...
[2025-07-22T02:18:00.021Z] [INFO] Проверка combatextended-continued/combatextended (Development)...
[2025-07-22T02:18:00.022Z] [INFO] ✓ Актуально: combatextended-continued/combatextended [0ms]
[2025-07-22T02:18:00.023Z] [INFO] Проверка завершена. Обновлений: 0/1
[2025-07-22T02:19:00.029Z] [INFO] 🔍 Запуск проверки 1 репозиториев...
[2025-07-22T02:19:00.030Z] [INFO] Проверка combatextended-continued/combatextended (Development)...
[2025-07-22T02:19:00.031Z] [INFO] ✓ Актуально: combatextended-continued/combatextended [1ms]
[2025-07-22T02:19:00.032Z] [INFO] Проверка завершена. Обновлений: 0/1
[2025-07-22T02:20:00.027Z] [INFO] 🔍 Запуск проверки 1 репозиториев...
[2025-07-22T02:20:00.027Z] [INFO] Проверка combatextended-continued/combatextended (Development)...
[2025-07-22T02:20:00.360Z] [INFO] ✓ Актуально: combatextended-continued/combatextended [333ms]
[2025-07-22T02:20:00.361Z] [INFO] Проверка завершена. Обновлений: 0/1
[2025-07-22T02:21:00.042Z] [INFO] 🔍 Запуск проверки 1 репозиториев...
[2025-07-22T02:21:00.043Z] [INFO] Проверка combatextended-continued/combatextended (Development)...
[2025-07-22T02:21:00.044Z] [INFO] ✓ Актуально: combatextended-continued/combatextended [0ms]
[2025-07-22T02:21:00.044Z] [INFO] Проверка завершена. Обновлений: 0/1
[2025-07-22T02:22:00.017Z] [INFO] 🔍 Запуск проверки 1 репозиториев...
[2025-07-22T02:22:00.017Z] [INFO] Проверка combatextended-continued/combatextended (Development)...
[2025-07-22T02:22:00.018Z] [INFO] ✓ Актуально: combatextended-continued/combatextended [1ms]
[2025-07-22T02:22:00.018Z] [INFO] Проверка завершена. Обновлений: 0/1
[2025-07-22T02:23:00.025Z] [INFO] 🔍 Запуск проверки 1 репозиториев...
[2025-07-22T02:23:00.025Z] [INFO] Проверка combatextended-continued/combatextended (Development)...
[2025-07-22T02:23:00.025Z] [INFO] ✓ Актуально: combatextended-continued/combatextended [0ms]
[2025-07-22T02:23:00.025Z] [INFO] Проверка завершена. Обновлений: 0/1
[2025-07-22T02:24:00.014Z] [INFO] 🔍 Запуск проверки 1 репозиториев...
[2025-07-22T02:24:00.015Z] [INFO] Проверка combatextended-continued/combatextended (Development)...
[2025-07-22T02:24:00.015Z] [INFO] ✓ Актуально: combatextended-continued/combatextended [0ms]
[2025-07-22T02:24:00.015Z] [INFO] Проверка завершена. Обновлений: 0/1
[2025-07-22T02:25:00.032Z] [INFO] 🔍 Запуск проверки 1 репозиториев...
[2025-07-22T02:25:00.033Z] [INFO] Проверка combatextended-continued/combatextended (Development)...
[2025-07-22T02:25:00.034Z] [INFO] ✓ Актуально: combatextended-continued/combatextended [0ms]
[2025-07-22T02:25:00.034Z] [INFO] Проверка завершена. Обновлений: 0/1
[2025-07-22T02:26:00.022Z] [INFO] 🔍 Запуск проверки 1 репозиториев...
[2025-07-22T02:26:00.023Z] [INFO] Проверка combatextended-continued/combatextended (Development)...
[2025-07-22T02:26:00.377Z] [INFO] ✓ Актуально: combatextended-continued/combatextended [353ms]
[2025-07-22T02:26:00.377Z] [INFO] Проверка завершена. Обновлений: 0/1
[2025-07-22T02:27:00.025Z] [INFO] 🔍 Запуск проверки 1 репозиториев...
[2025-07-22T02:27:00.025Z] [INFO] Проверка combatextended-continued/combatextended (Development)...
[2025-07-22T02:27:00.026Z] [INFO] ✓ Актуально: combatextended-continued/combatextended [1ms]
[2025-07-22T02:27:00.026Z] [INFO] Проверка завершена. Обновлений: 0/1
[2025-07-22T02:28:00.019Z] [INFO] 🔍 Запуск проверки 1 репозиториев...
[2025-07-22T02:28:00.020Z] [INFO] Проверка combatextended-continued/combatextended (Development)...
[2025-07-22T02:28:00.021Z] [INFO] ✓ Актуально: combatextended-continued/combatextended [0ms]
[2025-07-22T02:28:00.021Z] [INFO] Проверка завершена. Обновлений: 0/1
[2025-07-22T02:29:00.026Z] [INFO] 🔍 Запуск проверки 1 репозиториев...
[2025-07-22T02:29:00.026Z] [INFO] Проверка combatextended-continued/combatextended (Development)...
[2025-07-22T02:29:00.026Z] [INFO] ✓ Актуально: combatextended-continued/combatextended [0ms]
[2025-07-22T02:29:00.026Z] [INFO] Проверка завершена. Обновлений: 0/1
[2025-07-22T02:30:00.014Z] [INFO] 🔍 Запуск проверки 1 репозиториев...
[2025-07-22T02:30:00.015Z] [INFO] Проверка combatextended-continued/combatextended (Development)...
[2025-07-22T02:30:00.015Z] [INFO] ✓ Актуально: combatextended-continued/combatextended [0ms]
[2025-07-22T02:30:00.016Z] [INFO] Проверка завершена. Обновлений: 0/1
[2025-07-22T02:31:00.026Z] [INFO] 🔍 Запуск проверки 1 репозиториев...
[2025-07-22T02:31:00.027Z] [INFO] Проверка combatextended-continued/combatextended (Development)...
[2025-07-22T02:31:00.027Z] [INFO] ✓ Актуально: combatextended-continued/combatextended [0ms]
[2025-07-22T02:31:00.028Z] [INFO] Проверка завершена. Обновлений: 0/1
[2025-07-22T02:32:00.026Z] [INFO] 🔍 Запуск проверки 1 репозиториев...
[2025-07-22T02:32:00.026Z] [INFO] Проверка combatextended-continued/combatextended (Development)...
[2025-07-22T02:32:00.366Z] [INFO] ✓ Актуально: combatextended-continued/combatextended [340ms]
[2025-07-22T02:32:00.366Z] [INFO] Проверка завершена. Обновлений: 0/1
[2025-07-22T02:33:00.024Z] [INFO] 🔍 Запуск проверки 1 репозиториев...
[2025-07-22T02:33:00.024Z] [INFO] Проверка combatextended-continued/combatextended (Development)...
[2025-07-22T02:33:00.025Z] [INFO] ✓ Актуально: combatextended-continued/combatextended [1ms]
[2025-07-22T02:33:00.025Z] [INFO] Проверка завершена. Обновлений: 0/1
[2025-07-22T02:34:00.025Z] [INFO] 🔍 Запуск проверки 1 репозиториев...
[2025-07-22T02:34:00.025Z] [INFO] Проверка combatextended-continued/combatextended (Development)...
[2025-07-22T02:34:00.026Z] [INFO] ✓ Актуально: combatextended-continued/combatextended [1ms]
[2025-07-22T02:34:00.027Z] [INFO] Проверка завершена. Обновлений: 0/1
[2025-07-22T02:35:00.034Z] [INFO] 🔍 Запуск проверки 1 репозиториев...
[2025-07-22T02:35:00.034Z] [INFO] Проверка combatextended-continued/combatextended (Development)...
[2025-07-22T02:35:00.035Z] [INFO] ✓ Актуально: combatextended-continued/combatextended [1ms]
[2025-07-22T02:35:00.035Z] [INFO] Проверка завершена. Обновлений: 0/1
[2025-07-22T02:36:00.014Z] [INFO] 🔍 Запуск проверки 1 репозиториев...
[2025-07-22T02:36:00.014Z] [INFO] Проверка combatextended-continued/combatextended (Development)...
[2025-07-22T02:36:00.015Z] [INFO] ✓ Актуально: combatextended-continued/combatextended [1ms]
[2025-07-22T02:36:00.016Z] [INFO] Проверка завершена. Обновлений: 0/1
[2025-07-22T02:37:00.021Z] [INFO] 🔍 Запуск проверки 1 репозиториев...
[2025-07-22T02:37:00.022Z] [INFO] Проверка combatextended-continued/combatextended (Development)...
[2025-07-22T02:37:00.023Z] [INFO] ✓ Актуально: combatextended-continued/combatextended [0ms]
[2025-07-22T02:37:00.023Z] [INFO] Проверка завершена. Обновлений: 0/1
[2025-07-22T02:38:00.028Z] [INFO] 🔍 Запуск проверки 1 репозиториев...
[2025-07-22T02:38:00.028Z] [INFO] Проверка combatextended-continued/combatextended (Development)...
[2025-07-22T02:38:00.459Z] [INFO] ✓ Актуально: combatextended-continued/combatextended [430ms]
[2025-07-22T02:38:00.459Z] [INFO] Проверка завершена. Обновлений: 0/1
[2025-07-22T02:39:00.027Z] [INFO] 🔍 Запуск проверки 1 репозиториев...
[2025-07-22T02:39:00.028Z] [INFO] Проверка combatextended-continued/combatextended (Development)...
[2025-07-22T02:39:00.029Z] [INFO] ✓ Актуально: combatextended-continued/combatextended [0ms]
[2025-07-22T02:39:00.030Z] [INFO] Проверка завершена. Обновлений: 0/1
[2025-07-22T02:40:00.032Z] [INFO] 🔍 Запуск проверки 1 репозиториев...
[2025-07-22T02:40:00.032Z] [INFO] Проверка combatextended-continued/combatextended (Development)...
[2025-07-22T02:40:00.033Z] [INFO] ✓ Актуально: combatextended-continued/combatextended [1ms]
[2025-07-22T02:40:00.033Z] [INFO] Проверка завершена. Обновлений: 0/1
[2025-07-22T02:41:00.021Z] [INFO] 🔍 Запуск проверки 1 репозиториев...
[2025-07-22T02:41:00.021Z] [INFO] Проверка combatextended-continued/combatextended (Development)...
[2025-07-22T02:41:00.021Z] [INFO] ✓ Актуально: combatextended-continued/combatextended [0ms]
[2025-07-22T02:41:00.022Z] [INFO] Проверка завершена. Обновлений: 0/1
[2025-07-22T02:42:00.020Z] [INFO] 🔍 Запуск проверки 1 репозиториев...
[2025-07-22T02:42:00.020Z] [INFO] Проверка combatextended-continued/combatextended (Development)...
[2025-07-22T02:42:00.021Z] [INFO] ✓ Актуально: combatextended-continued/combatextended [0ms]
[2025-07-22T02:42:00.021Z] [INFO] Проверка завершена. Обновлений: 0/1
[2025-07-22T02:42:35.819Z] [INFO] Загружено 1 репозиториев из хранилища
[2025-07-22T02:42:37.520Z] [INFO] Загружено 1 репозиториев из хранилища
[2025-07-22T02:42:42.289Z] [ERROR] List command failed: this.log is not a function
Stack Trace: TypeError: this.log is not a function
    at info (D:\code\checkerbot\utils\logger.js:53:10)
    at module.exports (D:\code\checkerbot\commands\list.js:66:5)
    at process.processTicksAndRejections (node:internal/process/task_queues:105:5)
    at async execute (D:\code\checkerbot\node_modules\telegraf\lib\composer.js:518:17)
    at async D:\code\checkerbot\node_modules\telegraf\lib\composer.js:519:21
    at async execute (D:\code\checkerbot\node_modules\telegraf\lib\composer.js:518:17)
    at async D:\code\checkerbot\node_modules\telegraf\lib\composer.js:519:21
    at async execute (D:\code\checkerbot\node_modules\telegraf\lib\composer.js:518:17)
    at async D:\code\checkerbot\node_modules\telegraf\lib\composer.js:519:21
    at async execute (D:\code\checkerbot\node_modules\telegraf\lib\composer.js:518:17)
[2025-07-22T02:43:01.511Z] [INFO] Загружено 1 репозиториев из хранилища
[2025-07-22T02:43:08.065Z] [INFO] Загружено 1 репозиториев из хранилища
[2025-07-22T02:43:10.537Z] [ERROR] List command failed: this.log is not a function
Stack Trace: TypeError: this.log is not a function
    at info (D:\code\checkerbot\utils\logger.js:53:10)
    at module.exports (D:\code\checkerbot\commands\list.js:66:5)
    at process.processTicksAndRejections (node:internal/process/task_queues:105:5)
    at async execute (D:\code\checkerbot\node_modules\telegraf\lib\composer.js:518:17)
    at async D:\code\checkerbot\node_modules\telegraf\lib\composer.js:519:21
    at async execute (D:\code\checkerbot\node_modules\telegraf\lib\composer.js:518:17)
    at async D:\code\checkerbot\node_modules\telegraf\lib\composer.js:519:21
    at async execute (D:\code\checkerbot\node_modules\telegraf\lib\composer.js:518:17)
    at async D:\code\checkerbot\node_modules\telegraf\lib\composer.js:519:21
    at async execute (D:\code\checkerbot\node_modules\telegraf\lib\composer.js:518:17)
[2025-07-22T02:45:00.028Z] [INFO] 🔍 Запуск проверки 1 репозиториев...
[2025-07-22T02:45:00.028Z] [INFO] Проверка combatextended-continued/combatextended (Development)...
[2025-07-22T02:45:00.402Z] [INFO] ✓ Актуально: combatextended-continued/combatextended [373ms]
[2025-07-22T02:45:00.402Z] [INFO] Проверка завершена. Обновлений: 0/1
[2025-07-22T02:50:00.032Z] [INFO] 🔍 Запуск проверки 1 репозиториев...
[2025-07-22T02:50:00.033Z] [INFO] Проверка combatextended-continued/combatextended (Development)...
[2025-07-22T02:50:00.035Z] [INFO] ✓ Актуально: combatextended-continued/combatextended [2ms]
[2025-07-22T02:50:00.036Z] [INFO] Проверка завершена. Обновлений: 0/1
[2025-07-22T02:53:02.915Z] [INFO] Загружено 1 репозиториев из хранилища
[2025-07-22T02:53:04.431Z] [INFO] Загружено 1 репозиториев из хранилища
[2025-07-22T02:53:06.877Z] [INFO] Listed 1 repositories
[2025-07-22T02:53:15.124Z] [INFO] Help delivered for: main
[2025-07-22T02:53:16.665Z] [INFO] Listed 1 repositories
[2025-07-22T02:53:34.390Z] [ERROR] Last command failed: combatextended-continued/combatextended: fetchCommitsByBranch is not a function
Stack Trace: TypeError: fetchCommitsByBranch is not a function
    at module.exports (D:\code\checkerbot\commands\last.js:54:13)
    at process.processTicksAndRejections (node:internal/process/task_queues:105:5)
    at async execute (D:\code\checkerbot\node_modules\telegraf\lib\composer.js:518:17)
    at async D:\code\checkerbot\node_modules\telegraf\lib\composer.js:519:21
    at async execute (D:\code\checkerbot\node_modules\telegraf\lib\composer.js:518:17)
    at async D:\code\checkerbot\node_modules\telegraf\lib\composer.js:519:21
    at async execute (D:\code\checkerbot\node_modules\telegraf\lib\composer.js:518:17)
    at async D:\code\checkerbot\node_modules\telegraf\lib\composer.js:519:21
    at async execute (D:\code\checkerbot\node_modules\telegraf\lib\composer.js:518:17)
    at async D:\code\checkerbot\node_modules\telegraf\lib\composer.js:519:21
[2025-07-22T02:53:46.577Z] [INFO] Загружено 1 репозиториев из хранилища
[2025-07-22T02:55:00.032Z] [INFO] 🔍 Запуск проверки 1 репозиториев...
[2025-07-22T02:55:00.032Z] [INFO] Проверка combatextended-continued/combatextended (Development)...
[2025-07-22T02:55:00.034Z] [INFO] ✓ Актуально: combatextended-continued/combatextended [0ms]
[2025-07-22T02:55:00.034Z] [INFO] Проверка завершена. Обновлений: 0/1
[2025-07-22T02:57:49.246Z] [INFO] Загружено 1 репозиториев из хранилища
[2025-07-22T03:00:00.019Z] [INFO] 🔍 Запуск проверки 1 репозиториев...
[2025-07-22T03:00:00.019Z] [INFO] Проверка combatextended-continued/combatextended (Development)...
[2025-07-22T03:00:00.020Z] [INFO] ✓ Актуально: combatextended-continued/combatextended [1ms]
[2025-07-22T03:00:00.021Z] [INFO] Проверка завершена. Обновлений: 0/1
[2025-07-22T03:05:00.021Z] [INFO] 🔍 Запуск проверки 1 репозиториев...
[2025-07-22T03:05:00.021Z] [INFO] Проверка combatextended-continued/combatextended (Development)...
[2025-07-22T03:05:00.384Z] [INFO] ✓ Актуально: combatextended-continued/combatextended [362ms]
[2025-07-22T03:05:00.384Z] [INFO] Проверка завершена. Обновлений: 0/1
[2025-07-22T03:07:53.439Z] [INFO] Загружено 1 репозиториев из хранилища
[2025-07-22T03:07:54.917Z] [INFO] Загружено 1 репозиториев из хранилища
[2025-07-22T03:10:00.030Z] [INFO] 🔍 Запуск проверки 1 репозиториев...
[2025-07-22T03:10:00.030Z] [INFO] Проверка combatextended-continued/combatextended (Development)...
[2025-07-22T03:10:00.031Z] [INFO] ✓ Актуально: combatextended-continued/combatextended [1ms]
[2025-07-22T03:10:00.031Z] [INFO] Проверка завершена. Обновлений: 0/1
[2025-07-22T03:15:00.040Z] [INFO] 🔍 Запуск проверки 1 репозиториев...
[2025-07-22T03:15:00.041Z] [INFO] Проверка combatextended-continued/combatextended (Development)...
[2025-07-22T03:15:00.414Z] [INFO] ✓ Актуально: combatextended-continued/combatextended [373ms]
[2025-07-22T03:15:00.415Z] [INFO] Проверка завершена. Обновлений: 0/1
[2025-07-22T03:18:23.711Z] [INFO] Загружено 1 репозиториев из хранилища
[2025-07-22T03:18:25.667Z] [INFO] Загружено 1 репозиториев из хранилища
[2025-07-22T03:19:58.666Z] [INFO] Загружено 1 репозиториев из хранилища
[2025-07-22T03:20:00.035Z] [INFO] 🔍 Запуск проверки 1 репозиториев...
[2025-07-22T03:20:00.036Z] [INFO] Проверка combatextended-continued/combatextended (Development)...
[2025-07-22T03:20:00.412Z] [INFO] ✓ Актуально: combatextended-continued/combatextended [376ms]
[2025-07-22T03:20:00.412Z] [INFO] Проверка завершена. Обновлений: 0/1
[2025-07-22T03:25:00.031Z] [INFO] 🔍 Запуск проверки 1 репозиториев...
[2025-07-22T03:25:00.031Z] [INFO] Проверка combatextended-continued/combatextended (Development)...
[2025-07-22T03:25:00.032Z] [INFO] ✓ Актуально: combatextended-continued/combatextended [1ms]
[2025-07-22T03:25:00.032Z] [INFO] Проверка завершена. Обновлений: 0/1
[2025-07-22T03:26:52.743Z] [INFO] Загружено 1 репозиториев из хранилища
[2025-07-22T03:30:30.512Z] [INFO] Загружено 1 репозиториев из хранилища
[2025-07-22T03:33:48.894Z] [INFO] Загружено 1 репозиториев из хранилища
[2025-07-22T03:35:00.036Z] [INFO] 🔍 Запуск проверки 1 репозиториев...
[2025-07-22T03:35:00.036Z] [INFO] Проверка combatextended-continued/combatextended (Development)...
[2025-07-22T03:35:00.037Z] [INFO] ✓ Актуально: combatextended-continued/combatextended [1ms]
[2025-07-22T03:35:00.037Z] [INFO] Проверка завершена. Обновлений: 0/1
[2025-07-22T03:39:48.377Z] [INFO] Загружено 1 репозиториев из хранилища
[2025-07-22T03:39:51.123Z] [INFO] Загружено 1 репозиториев из хранилища
[2025-07-22T03:39:55.615Z] [ERROR] TypeError: fetchCommitsWithNumbers is not a function
[2025-07-22T03:40:00.028Z] [INFO] 🔍 Запуск проверки 1 репозиториев...
[2025-07-22T03:40:00.028Z] [INFO] Проверка combatextended-continued/combatextended (Development)...
[2025-07-22T03:40:00.286Z] [INFO] ✓ Актуально: combatextended-continued/combatextended [258ms]
[2025-07-22T03:40:00.286Z] [INFO] Проверка завершена. Обновлений: 0/1
[2025-07-22T03:40:04.994Z] [INFO] Загружено 1 репозиториев из хранилища
[2025-07-22T03:40:06.504Z] [INFO] Загружено 1 репозиториев из хранилища
[2025-07-22T03:40:12.257Z] [ERROR] TypeError: fetchCommitsWithNumbers is not a function
[2025-07-22T03:40:47.128Z] [INFO] Загружено 1 репозиториев из хранилища
[2025-07-22T03:40:48.689Z] [INFO] Загружено 1 репозиториев из хранилища
[2025-07-22T03:43:04.972Z] [INFO] Загружено 1 репозиториев из хранилища
[2025-07-22T03:43:06.154Z] [INFO] Загружено 1 репозиториев из хранилища
[2025-07-22T03:43:31.268Z] [INFO] Проверены лимиты API. Осталось запросов: 4988
[2025-07-22T03:43:56.897Z] [INFO] Help delivered for: main
[2025-07-22T03:44:12.520Z] [INFO] 🔍 Запуск проверки 1 репозиториев...
[2025-07-22T03:44:12.520Z] [INFO] Проверка combatextended-continued/combatextended (Development)...
[2025-07-22T03:44:12.782Z] [INFO] ✓ Актуально: combatextended-continued/combatextended [261ms]
[2025-07-22T03:44:12.782Z] [INFO] Проверка завершена. Обновлений: 0/1
[2025-07-22T03:44:20.476Z] [INFO] Загружено 1 репозиториев из хранилища
